#
# There is insufficient memory for the Java Runtime Environment to continue.
# Native memory allocation (malloc) failed to allocate 8256 bytes for AllocateHeap
# Possible reasons:
#   The system is out of physical RAM or swap space
#   The process is running with CompressedOops enabled, and the Java Heap may be blocking the growth of the native heap
# Possible solutions:
#   Reduce memory load on the system
#   Increase physical memory or swap space
#   Check if swap backing store is full
#   Decrease Java heap size (-Xmx/-Xms)
#   Decrease number of Java threads
#   Decrease Java thread stack sizes (-Xss)
#   Set larger code cache with -XX:ReservedCodeCacheSize=
#   JVM is running with Unscaled Compressed Oops mode in which the Java heap is
#     placed in the first 4GB address space. The Java Heap base address is the
#     maximum limit for the native heap growth. Please use -XX:HeapBaseMinAddress
#     to set the Java Heap base and to place the Java Heap above 4GB virtual address.
# This output file may be truncated or incomplete.
#
#  Out of Memory Error (allocation.cpp:44), pid=26612, tid=17464
#
# JRE version: Java(TM) SE Runtime Environment (19.0+36) (build 19+36-2238)
# Java VM: Java HotSpot(TM) 64-Bit Server VM (19+36-2238, mixed mode, sharing, tiered, compressed oops, compressed class ptrs, g1 gc, windows-amd64)
# No core dump will be written. Minidumps are not enabled by default on client versions of Windows
#

---------------  S U M M A R Y ------------

Command Line: -Dfile.encoding=UTF-8 -Dstdout.encoding=UTF-8 -Dstderr.encoding=UTF-8 -XX:+ShowCodeDetailsInExceptionMessages selenium_class1.auto_suggestion

Host: Intel(R) Core(TM) i3-1005G1 CPU @ 1.20GHz, 4 cores, 3G,  Windows 11 , 64 bit Build 22621 (10.0.22621.3958)
Time: Mon Aug 19 04:10:06 2024 India Standard Time elapsed time: 10.119130 seconds (0d 0h 0m 10s)

---------------  T H R E A D  ---------------

Current thread (0x000001185ab00190):  
[error occurred during error reporting (printing current thread), id 0xe0000000, Internal Error (s\open\src\hotspot\share\runtime\thread.cpp:800)]

Stack: [0x0000000be0100000,0x0000000be0200000]
Native frames: (J=compiled Java code, j=interpreted, Vv=VM code, C=native code)
V  [jvm.dll+0x6ee8fa]
V  [jvm.dll+0x857a1e]
V  [jvm.dll+0x85940e]
V  [jvm.dll+0x859a77]
V  [jvm.dll+0x28287a]
V  [jvm.dll+0x80830f]
V  [jvm.dll+0x806755]
V  [jvm.dll+0x8577fc]
V  [jvm.dll+0x85940e]
V  [jvm.dll+0x859ac3]
V  [jvm.dll+0x28291f]
V  [jvm.dll+0xc3fb4]
V  [jvm.dll+0x80ae9f]
V  [jvm.dll+0x80b7e8]
V  [jvm.dll+0x8075f3]
V  [jvm.dll+0x8038c7]
V  [jvm.dll+0x805d73]
V  [jvm.dll+0x6ed5eb]
C  [ucrtbase.dll+0x29333]
C  [KERNEL32.DLL+0x1257d]
C  [ntdll.dll+0x5af28]


---------------  P R O C E S S  ---------------

Threads class SMR info:
_java_thread_list=0x000001185f65a830, length=21, elements={
0x000001183f3f1260, 0x000001185aaeac60, 0x000001185aaec460, 0x000001185aaf00c0,
0x000001185aaf26a0, 0x000001185aaf9c10, 0x000001185ab02c10, 0x000001185ab044c0,
0x000001185ab057e0, 0x000001185ab006e0, 0x000001185ab02170, 0x000001185ab016d0,
0x000001185ab03160, 0x000001185ab00c30, 0x000001185aaffc40, 0x000001185ab01180,
0x000001185ab01c20, 0x000001185ab026c0, 0x000001185fa39370, 0x000001185fa3d880,
0x000001185fa3b8a0
}
_to_delete_list=0x000001185f664250, length=22, elements={
0x000001183f3f1260, 0x000001185aaeac60, 0x000001185aaec460, 0x000001185aaf00c0,
0x000001185aaf26a0, 0x000001185aaf9c10, 0x000001185ab02c10, 0x000001185ab044c0,
0x000001185ab057e0, 0x000001185ab006e0, 0x000001185ab02170, 0x000001185ab016d0,
0x000001185ab03160, 0x000001185ab00c30, 0x000001185aaffc40, 0x000001185ab01180,
0x000001185ab01c20, 0x000001185ab026c0, 0x000001185ab00190, 0x000001185fa39370,
0x000001185fa3d880, 0x000001185fa3b8a0
}

Java Threads: ( => current thread )
  0x000001183f3f1260 JavaThread "Forwarding newSession on session null to remote" [_thread_blocked, id=16460, stack(0x0000000bde400000,0x0000000bde500000)]
  0x000001185aaeac60 JavaThread "Reference Handler" [_thread_blocked, id=29156, stack(0x0000000bdeb00000,0x0000000bdec00000)]
  0x000001185aaec460 JavaThread "Finalizer" [_thread_blocked, id=5012, stack(0x0000000bdec00000,0x0000000bded00000)]
  0x000001185aaf00c0 JavaThread "Signal Dispatcher" [_thread_blocked, id=20868, stack(0x0000000bded00000,0x0000000bdee00000)]
  0x000001185aaf26a0 JavaThread "Attach Listener" [_thread_blocked, id=26436, stack(0x0000000bdee00000,0x0000000bdef00000)]
  0x000001185aaf9c10 JavaThread "Service Thread" [_thread_blocked, id=29896, stack(0x0000000bdef00000,0x0000000bdf000000)]
  0x000001185ab02c10 JavaThread "Monitor Deflation Thread" [_thread_blocked, id=4020, stack(0x0000000bdf000000,0x0000000bdf100000)]
  0x000001185ab044c0 JavaThread "C2 CompilerThread0" [_thread_blocked, id=13996, stack(0x0000000bdf100000,0x0000000bdf200000)]
  0x000001185ab057e0 JavaThread "C1 CompilerThread0" [_thread_blocked, id=24932, stack(0x0000000bdf200000,0x0000000bdf300000)]
  0x000001185ab006e0 JavaThread "Sweeper thread" [_thread_blocked, id=24316, stack(0x0000000bdf300000,0x0000000bdf400000)]
  0x000001185ab02170 JavaThread "Notification Thread" [_thread_blocked, id=30012, stack(0x0000000bdf400000,0x0000000bdf500000)]
  0x000001185ab016d0 JavaThread "Common-Cleaner" [_thread_blocked, id=25832, stack(0x0000000bdf600000,0x0000000bdf700000)]
  0x000001185ab03160 JavaThread "ForkJoinPool.commonPool-worker-1" [_thread_blocked, id=26356, stack(0x0000000bdf700000,0x0000000bdf800000)]
  0x000001185ab00c30 JavaThread "HttpClient-1-SelectorManager" [_thread_in_native, id=18136, stack(0x0000000bdfb00000,0x0000000bdfc00000)]
  0x000001185aaffc40 JavaThread "External Process Output Forwarder - C:\Users\vamshi krishna\.cache\selenium\chromedriver\win64\127.0.6533.119\chromedriver.exe" [_thread_in_native, id=18164, stack(0x0000000bdfc00000,0x0000000bdfd00000)]
  0x000001185ab01180 JavaThread "Driver Service Executor" [_thread_blocked, id=28676, stack(0x0000000bdfd00000,0x0000000bdfe00000)]
  0x000001185ab01c20 JavaThread "Driver Service Executor" [_thread_in_native, id=30576, stack(0x0000000bdfe00000,0x0000000bdff00000)]
  0x000001185ab026c0 JavaThread "UrlChecker-2" [_thread_blocked, id=19224, stack(0x0000000bdff00000,0x0000000be0000000)]
  0x000001185fa39370 JavaThread "JdkHttpClient-0-0" [_thread_blocked, id=6468, stack(0x0000000be0200000,0x0000000be0300000)]
  0x000001185fa3d880 JavaThread "JdkHttpClient-0-1" [_thread_blocked, id=26800, stack(0x0000000be0300000,0x0000000be0400000)]
  0x000001185fa3b8a0 JavaThread "JdkHttpClient-0-2" [_thread_blocked, id=17476, stack(0x0000000be0400000,0x0000000be0500000)]

Other Threads:
  0x000001185aad3210 VMThread "VM Thread" [stack: 0x0000000bdea00000,0x0000000bdeb00000] [id=28684]
  0x000001185ed8aa90 WatcherThread "VM Periodic Task Thread" [stack: 0x0000000bdf500000,0x0000000bdf600000] [id=28364]
  0x000001183f432460 WorkerThread "GC Thread#0" [stack: 0x0000000bde500000,0x0000000bde600000] [id=24144]
  0x000001185f47cce0 WorkerThread "GC Thread#1" [stack: 0x0000000bdf800000,0x0000000bdf900000] [id=29636]
  0x000001185f56efc0 WorkerThread "GC Thread#2" [stack: 0x0000000bdf900000,0x0000000bdfa00000] [id=9376]
  0x000001185f56f290 WorkerThread "GC Thread#3" [stack: 0x0000000bdfa00000,0x0000000bdfb00000] [id=28512]
  0x000001183f43aa40 ConcurrentGCThread "G1 Main Marker" [stack: 0x0000000bde600000,0x0000000bde700000] [id=25020]
  0x000001183f43ce90 WorkerThread "G1 Conc#0" [stack: 0x0000000bde700000,0x0000000bde800000] [id=27792]
  0x000001183f48da90 ConcurrentGCThread "G1 Refine#0" [stack: 0x0000000bde800000,0x0000000bde900000] [id=27144]
  0x000001183f48efe0 ConcurrentGCThread "G1 Service" [stack: 0x0000000bde900000,0x0000000bdea00000] [id=29748]

=>0x000001185ab00190 (exited) 
[error occurred during error reporting (printing all threads), id 0xe0000000, Internal Error (s\open\src\hotspot\share\runtime\thread.cpp:800)]

VM state: not at safepoint (normal execution)

VM Mutex/Monitor currently owned by a thread:  ([mutex/lock_event])
[0x000001183f3ee2e0] Threads_lock - owner thread: 0x000001185ab00190

Heap address: 0x00000000c4c00000, size: 948 MB, Compressed Oops mode: 32-bit

CDS archive(s) mapped at: [0x0000000800000000-0x0000000800c40000-0x0000000800c40000), size 12845056, SharedBaseAddress: 0x0000000800000000, ArchiveRelocationMode: 0.
Compressed class space mapped at: 0x0000000801000000-0x0000000841000000, reserved size: 1073741824
Narrow klass base: 0x0000000800000000, Narrow klass shift: 0, Narrow klass range: 0x100000000

GC Precious Log:
 CardTable entry size: 512
 Card Set container configuration: InlinePtr #cards 5 size 8 Array Of Cards #cards 12 size 40 Howl #buckets 4 coarsen threshold 1843 Howl Bitmap #cards 512 size 80 coarsen threshold 460 Card regions per heap region 1 cards per card region 2048
 CPUs: 4 total, 4 available
 Memory: 3787M
 Large Page Support: Disabled
 NUMA Support: Disabled
 Compressed Oops: Enabled (32-bit)
 Heap Region Size: 1M
 Heap Min Capacity: 8M
 Heap Initial Capacity: 60M
 Heap Max Capacity: 948M
 Pre-touch: Disabled
 Parallel Workers: 4
 Concurrent Workers: 1
 Concurrent Refinement Workers: 4
 Periodic GC: Disabled

Heap:
 garbage-first heap   total 61440K, used 15097K [0x00000000c4c00000, 0x0000000100000000)
  region size 1024K, 11 young (11264K), 2 survivors (2048K)
 Metaspace       used 10494K, committed 10816K, reserved 1114112K
  class space    used 1208K, committed 1344K, reserved 1048576K

Heap Regions: E=young(eden), S=young(survivor), O=old, HS=humongous(starts), HC=humongous(continues), CS=collection set, F=free, OA=open archive, CA=closed archive, TAMS=top-at-mark-start (previous, next)
|   0|0x00000000c4c00000, 0x00000000c4d00000, 0x00000000c4d00000|100%|HS|  |TAMS 0x00000000c4c00000, 0x00000000c4c00000| Complete 
|   1|0x00000000c4d00000, 0x00000000c4e00000, 0x00000000c4e00000|100%|HC|  |TAMS 0x00000000c4d00000, 0x00000000c4d00000| Complete 
|   2|0x00000000c4e00000, 0x00000000c4f00000, 0x00000000c4f00000|100%|HC|  |TAMS 0x00000000c4e00000, 0x00000000c4e00000| Complete 
|   3|0x00000000c4f00000, 0x00000000c5000000, 0x00000000c5000000|100%| O|  |TAMS 0x00000000c4f00000, 0x00000000c4f00000| Untracked 
|   4|0x00000000c5000000, 0x00000000c50be400, 0x00000000c5100000| 74%| O|  |TAMS 0x00000000c5000000, 0x00000000c5000000| Untracked 
|   5|0x00000000c5100000, 0x00000000c5100000, 0x00000000c5200000|  0%| F|  |TAMS 0x00000000c5100000, 0x00000000c5100000| Untracked 
|   6|0x00000000c5200000, 0x00000000c5200000, 0x00000000c5300000|  0%| F|  |TAMS 0x00000000c5200000, 0x00000000c5200000| Untracked 
|   7|0x00000000c5300000, 0x00000000c5300000, 0x00000000c5400000|  0%| F|  |TAMS 0x00000000c5300000, 0x00000000c5300000| Untracked 
|   8|0x00000000c5400000, 0x00000000c5400000, 0x00000000c5500000|  0%| F|  |TAMS 0x00000000c5400000, 0x00000000c5400000| Untracked 
|   9|0x00000000c5500000, 0x00000000c5500000, 0x00000000c5600000|  0%| F|  |TAMS 0x00000000c5500000, 0x00000000c5500000| Untracked 
|  10|0x00000000c5600000, 0x00000000c5600000, 0x00000000c5700000|  0%| F|  |TAMS 0x00000000c5600000, 0x00000000c5600000| Untracked 
|  11|0x00000000c5700000, 0x00000000c5700000, 0x00000000c5800000|  0%| F|  |TAMS 0x00000000c5700000, 0x00000000c5700000| Untracked 
|  12|0x00000000c5800000, 0x00000000c5800000, 0x00000000c5900000|  0%| F|  |TAMS 0x00000000c5800000, 0x00000000c5800000| Untracked 
|  13|0x00000000c5900000, 0x00000000c5900000, 0x00000000c5a00000|  0%| F|  |TAMS 0x00000000c5900000, 0x00000000c5900000| Untracked 
|  14|0x00000000c5a00000, 0x00000000c5a00000, 0x00000000c5b00000|  0%| F|  |TAMS 0x00000000c5a00000, 0x00000000c5a00000| Untracked 
|  15|0x00000000c5b00000, 0x00000000c5b00000, 0x00000000c5c00000|  0%| F|  |TAMS 0x00000000c5b00000, 0x00000000c5b00000| Untracked 
|  16|0x00000000c5c00000, 0x00000000c5c00000, 0x00000000c5d00000|  0%| F|  |TAMS 0x00000000c5c00000, 0x00000000c5c00000| Untracked 
|  17|0x00000000c5d00000, 0x00000000c5d00000, 0x00000000c5e00000|  0%| F|  |TAMS 0x00000000c5d00000, 0x00000000c5d00000| Untracked 
|  18|0x00000000c5e00000, 0x00000000c5e00000, 0x00000000c5f00000|  0%| F|  |TAMS 0x00000000c5e00000, 0x00000000c5e00000| Untracked 
|  19|0x00000000c5f00000, 0x00000000c5f00000, 0x00000000c6000000|  0%| F|  |TAMS 0x00000000c5f00000, 0x00000000c5f00000| Untracked 
|  20|0x00000000c6000000, 0x00000000c6000000, 0x00000000c6100000|  0%| F|  |TAMS 0x00000000c6000000, 0x00000000c6000000| Untracked 
|  21|0x00000000c6100000, 0x00000000c6100000, 0x00000000c6200000|  0%| F|  |TAMS 0x00000000c6100000, 0x00000000c6100000| Untracked 
|  22|0x00000000c6200000, 0x00000000c6200000, 0x00000000c6300000|  0%| F|  |TAMS 0x00000000c6200000, 0x00000000c6200000| Untracked 
|  23|0x00000000c6300000, 0x00000000c6300000, 0x00000000c6400000|  0%| F|  |TAMS 0x00000000c6300000, 0x00000000c6300000| Untracked 
|  24|0x00000000c6400000, 0x00000000c6400000, 0x00000000c6500000|  0%| F|  |TAMS 0x00000000c6400000, 0x00000000c6400000| Untracked 
|  25|0x00000000c6500000, 0x00000000c6500000, 0x00000000c6600000|  0%| F|  |TAMS 0x00000000c6500000, 0x00000000c6500000| Untracked 
|  26|0x00000000c6600000, 0x00000000c6600000, 0x00000000c6700000|  0%| F|  |TAMS 0x00000000c6600000, 0x00000000c6600000| Untracked 
|  27|0x00000000c6700000, 0x00000000c6700000, 0x00000000c6800000|  0%| F|  |TAMS 0x00000000c6700000, 0x00000000c6700000| Untracked 
|  28|0x00000000c6800000, 0x00000000c6800000, 0x00000000c6900000|  0%| F|  |TAMS 0x00000000c6800000, 0x00000000c6800000| Untracked 
|  29|0x00000000c6900000, 0x00000000c6900000, 0x00000000c6a00000|  0%| F|  |TAMS 0x00000000c6900000, 0x00000000c6900000| Untracked 
|  30|0x00000000c6a00000, 0x00000000c6a00000, 0x00000000c6b00000|  0%| F|  |TAMS 0x00000000c6a00000, 0x00000000c6a00000| Untracked 
|  31|0x00000000c6b00000, 0x00000000c6b00000, 0x00000000c6c00000|  0%| F|  |TAMS 0x00000000c6b00000, 0x00000000c6b00000| Untracked 
|  32|0x00000000c6c00000, 0x00000000c6c00000, 0x00000000c6d00000|  0%| F|  |TAMS 0x00000000c6c00000, 0x00000000c6c00000| Untracked 
|  33|0x00000000c6d00000, 0x00000000c6d00000, 0x00000000c6e00000|  0%| F|  |TAMS 0x00000000c6d00000, 0x00000000c6d00000| Untracked 
|  34|0x00000000c6e00000, 0x00000000c6e00000, 0x00000000c6f00000|  0%| F|  |TAMS 0x00000000c6e00000, 0x00000000c6e00000| Untracked 
|  35|0x00000000c6f00000, 0x00000000c6f00000, 0x00000000c7000000|  0%| F|  |TAMS 0x00000000c6f00000, 0x00000000c6f00000| Untracked 
|  36|0x00000000c7000000, 0x00000000c7000000, 0x00000000c7100000|  0%| F|  |TAMS 0x00000000c7000000, 0x00000000c7000000| Untracked 
|  37|0x00000000c7100000, 0x00000000c7100000, 0x00000000c7200000|  0%| F|  |TAMS 0x00000000c7100000, 0x00000000c7100000| Untracked 
|  38|0x00000000c7200000, 0x00000000c7200000, 0x00000000c7300000|  0%| F|  |TAMS 0x00000000c7200000, 0x00000000c7200000| Untracked 
|  39|0x00000000c7300000, 0x00000000c7300000, 0x00000000c7400000|  0%| F|  |TAMS 0x00000000c7300000, 0x00000000c7300000| Untracked 
|  40|0x00000000c7400000, 0x00000000c7400000, 0x00000000c7500000|  0%| F|  |TAMS 0x00000000c7400000, 0x00000000c7400000| Untracked 
|  41|0x00000000c7500000, 0x00000000c7500000, 0x00000000c7600000|  0%| F|  |TAMS 0x00000000c7500000, 0x00000000c7500000| Untracked 
|  42|0x00000000c7600000, 0x00000000c7600000, 0x00000000c7700000|  0%| F|  |TAMS 0x00000000c7600000, 0x00000000c7600000| Untracked 
|  43|0x00000000c7700000, 0x00000000c7700000, 0x00000000c7800000|  0%| F|  |TAMS 0x00000000c7700000, 0x00000000c7700000| Untracked 
|  44|0x00000000c7800000, 0x00000000c7800000, 0x00000000c7900000|  0%| F|  |TAMS 0x00000000c7800000, 0x00000000c7800000| Untracked 
|  45|0x00000000c7900000, 0x00000000c7a00000, 0x00000000c7a00000|100%| S|CS|TAMS 0x00000000c7900000, 0x00000000c7900000| Complete 
|  46|0x00000000c7a00000, 0x00000000c7b00000, 0x00000000c7b00000|100%| S|CS|TAMS 0x00000000c7a00000, 0x00000000c7a00000| Complete 
|  47|0x00000000c7b00000, 0x00000000c7b00000, 0x00000000c7c00000|  0%| F|  |TAMS 0x00000000c7b00000, 0x00000000c7b00000| Untracked 
|  48|0x00000000c7c00000, 0x00000000c7c00000, 0x00000000c7d00000|  0%| F|  |TAMS 0x00000000c7c00000, 0x00000000c7c00000| Untracked 
|  49|0x00000000c7d00000, 0x00000000c7d00000, 0x00000000c7e00000|  0%| F|  |TAMS 0x00000000c7d00000, 0x00000000c7d00000| Untracked 
|  50|0x00000000c7e00000, 0x00000000c7e00000, 0x00000000c7f00000|  0%| F|  |TAMS 0x00000000c7e00000, 0x00000000c7e00000| Untracked 
|  51|0x00000000c7f00000, 0x00000000c7f43558, 0x00000000c8000000| 26%| E|  |TAMS 0x00000000c7f00000, 0x00000000c7f00000| Complete 
|  52|0x00000000c8000000, 0x00000000c8100000, 0x00000000c8100000|100%| E|CS|TAMS 0x00000000c8000000, 0x00000000c8000000| Complete 
|  53|0x00000000c8100000, 0x00000000c8200000, 0x00000000c8200000|100%| E|CS|TAMS 0x00000000c8100000, 0x00000000c8100000| Complete 
|  54|0x00000000c8200000, 0x00000000c8300000, 0x00000000c8300000|100%| E|CS|TAMS 0x00000000c8200000, 0x00000000c8200000| Complete 
|  55|0x00000000c8300000, 0x00000000c8400000, 0x00000000c8400000|100%| E|CS|TAMS 0x00000000c8300000, 0x00000000c8300000| Complete 
|  56|0x00000000c8400000, 0x00000000c8500000, 0x00000000c8500000|100%| E|CS|TAMS 0x00000000c8400000, 0x00000000c8400000| Complete 
|  57|0x00000000c8500000, 0x00000000c8600000, 0x00000000c8600000|100%| E|CS|TAMS 0x00000000c8500000, 0x00000000c8500000| Complete 
|  58|0x00000000c8600000, 0x00000000c8700000, 0x00000000c8700000|100%| E|CS|TAMS 0x00000000c8600000, 0x00000000c8600000| Complete 
|  59|0x00000000c8700000, 0x00000000c8800000, 0x00000000c8800000|100%| E|CS|TAMS 0x00000000c8700000, 0x00000000c8700000| Complete 

Card table byte_map: [0x0000011856520000,0x0000011856700000] _byte_map_base: 0x0000011855efa000

Marking Bits (Prev, Next): (CMBitMap*) 0x000001183f432a90, (CMBitMap*) 0x000001183f432ad0
 Prev Bits: [0x00000118568e0000, 0x00000118577b0000)
 Next Bits: [0x00000118577b0000, 0x0000011858680000)

Polling page: 0x000001183d2f0000

Metaspace:

Usage:
  Non-class:      9.07 MB used.
      Class:      1.18 MB used.
       Both:     10.25 MB used.

Virtual space:
  Non-class space:       64.00 MB reserved,       9.25 MB ( 14%) committed,  1 nodes.
      Class space:        1.00 GB reserved,       1.31 MB ( <1%) committed,  1 nodes.
             Both:        1.06 GB reserved,      10.56 MB ( <1%) committed. 

Chunk freelists:
   Non-Class:  2.16 MB
       Class:  2.54 MB
        Both:  4.69 MB

MaxMetaspaceSize: unlimited
CompressedClassSpaceSize: 1.00 GB
Initial GC threshold: 21.00 MB
Current GC threshold: 21.00 MB
CDS: on
MetaspaceReclaimPolicy: balanced
 - commit_granule_bytes: 65536.
 - commit_granule_words: 8192.
 - virtual_space_node_default_size: 8388608.
 - enlarge_chunks_in_place: 1.
 - new_chunks_are_fully_committed: 0.
 - uncommit_free_chunks: 1.
 - use_allocation_guard: 0.


Internal statistics:

num_allocs_failed_limit: 0.
num_arena_births: 228.
num_arena_deaths: 0.
num_vsnodes_births: 2.
num_vsnodes_deaths: 0.
num_space_committed: 169.
num_space_uncommitted: 0.
num_chunks_returned_to_freelist: 0.
num_chunks_taken_from_freelist: 438.
num_chunk_merges: 0.
num_chunk_splits: 260.
num_chunks_enlarged: 166.
num_inconsistent_stats: 0.

CodeHeap 'non-profiled nmethods': size=120000Kb used=429Kb max_used=429Kb free=119571Kb
 bounds [0x000001184ee10000, 0x000001184f080000, 0x0000011856340000]
CodeHeap 'profiled nmethods': size=120000Kb used=2641Kb max_used=2641Kb free=117358Kb
 bounds [0x0000011847340000, 0x00000118475e0000, 0x000001184e870000]
CodeHeap 'non-nmethods': size=5760Kb used=1308Kb max_used=1322Kb free=4452Kb
 bounds [0x000001184e870000, 0x000001184eae0000, 0x000001184ee10000]
 total_blobs=1950 nmethods=1435 adapters=426
 compilation: enabled
              stopped_count=0, restarted_count=0
 full_count=0

Compilation events (20 events):
Event: 5.277 Thread 0x000001185ab057e0 nmethod 1426 0x00000118475c1910 code [0x00000118475c1ac0, 0x00000118475c1cd8]
Event: 5.277 Thread 0x000001185ab057e0 1427       3       java.lang.invoke.MethodType::dropParameterTypes (162 bytes)
Event: 5.278 Thread 0x000001185ab057e0 nmethod 1427 0x00000118475c1e10 code [0x00000118475c2100, 0x00000118475c3018]
Event: 5.278 Thread 0x000001185ab057e0 1429   !   3       java.util.ImmutableCollections$ListItr::next (34 bytes)
Event: 5.278 Thread 0x000001185ab057e0 nmethod 1429 0x00000118475c3510 code [0x00000118475c36e0, 0x00000118475c3958]
Event: 5.279 Thread 0x000001185ab057e0 1430   !   3       java.lang.invoke.BootstrapMethodInvoker::invoke (974 bytes)
Event: 5.279 Thread 0x000001185ab044c0 nmethod 1419 0x000001184ee7a810 code [0x000001184ee7a9a0, 0x000001184ee7ab78]
Event: 5.279 Thread 0x000001185ab044c0 1428       4       jdk.internal.misc.Unsafe::allocateUninitializedArray0 (90 bytes)
Event: 5.280 Thread 0x000001185ab044c0 nmethod 1428 0x000001184ee7ad10 code [0x000001184ee7aea0, 0x000001184ee7b058]
Event: 5.284 Thread 0x000001185ab057e0 nmethod 1430 0x00000118475c3a90 code [0x00000118475c4320, 0x00000118475cbad8]
Event: 5.284 Thread 0x000001185ab057e0 1432       3       java.lang.invoke.BootstrapMethodInvoker::widenAndCast (47 bytes)
Event: 5.284 Thread 0x000001185ab057e0 nmethod 1432 0x00000118475cef10 code [0x00000118475cf180, 0x00000118475cfb18]
Event: 5.284 Thread 0x000001185ab057e0 1431       3       java.lang.invoke.MethodHandleNatives::staticArgumentsPulled (5 bytes)
Event: 5.284 Thread 0x000001185ab057e0 nmethod 1431 0x00000118475cfe10 code [0x00000118475cffa0, 0x00000118475d0198]
Event: 5.284 Thread 0x000001185ab057e0 1433       3       java.lang.invoke.Invokers::callSiteForm (308 bytes)
Event: 5.285 Thread 0x000001185ab057e0 nmethod 1433 0x00000118475d0210 code [0x00000118475d0540, 0x00000118475d1be8]
Event: 5.286 Thread 0x000001185ab057e0 1434   !   3       java.lang.invoke.CallSite::makeSite (91 bytes)
Event: 5.286 Thread 0x000001185ab057e0 nmethod 1434 0x00000118475d2510 code [0x00000118475d2860, 0x00000118475d3a78]
Event: 8.315 Thread 0x000001185ab057e0 1435       1       jdk.internal.net.http.common.DebugLogger::on (5 bytes)
Event: 8.315 Thread 0x000001185ab057e0 nmethod 1435 0x000001184ee7b110 code [0x000001184ee7b2a0, 0x000001184ee7b378]

GC Heap History (2 events):
Event: 4.181 GC heap before
{Heap before GC invocations=0 (full 0):
 garbage-first heap   total 61440K, used 16384K [0x00000000c4c00000, 0x0000000100000000)
  region size 1024K, 13 young (13312K), 0 survivors (0K)
 Metaspace       used 6335K, committed 6592K, reserved 1114112K
  class space    used 702K, committed 832K, reserved 1048576K
}
Event: 4.192 GC heap after
{Heap after GC invocations=1 (full 0):
 garbage-first heap   total 61440K, used 6905K [0x00000000c4c00000, 0x0000000100000000)
  region size 1024K, 2 young (2048K), 2 survivors (2048K)
 Metaspace       used 6335K, committed 6592K, reserved 1114112K
  class space    used 702K, committed 832K, reserved 1048576K
}

Dll operation events (8 events):
Event: 0.184 Loaded shared library C:\Program Files\Java\jdk-19\bin\java.dll
Event: 0.292 Loaded shared library C:\Program Files\Java\jdk-19\bin\jsvml.dll
Event: 0.438 Loaded shared library C:\Program Files\Java\jdk-19\bin\net.dll
Event: 0.446 Loaded shared library C:\Program Files\Java\jdk-19\bin\nio.dll
Event: 0.483 Loaded shared library C:\Program Files\Java\jdk-19\bin\zip.dll
Event: 0.566 Loaded shared library C:\Program Files\Java\jdk-19\bin\jimage.dll
Event: 0.623 Loaded shared library C:\Program Files\Java\jdk-19\bin\extnet.dll
Event: 4.002 Loaded shared library C:\Program Files\Java\jdk-19\bin\sunmscapi.dll

Deoptimization events (20 events):
Event: 4.886 Thread 0x000001185ab026c0 DEOPT PACKING pc=0x000001184ee2a3bc sp=0x0000000bdfffe640
Event: 4.886 Thread 0x000001185ab026c0 DEOPT UNPACKING pc=0x000001184e8da5a3 sp=0x0000000bdfffe5d8 mode 2
Event: 5.270 Thread 0x000001185fa39370 DEOPT PACKING pc=0x000001184737d6fe sp=0x0000000be02fd2d0
Event: 5.270 Thread 0x000001185fa39370 DEOPT UNPACKING pc=0x000001184e8db0e3 sp=0x0000000be02fc740 mode 0
Event: 5.279 Thread 0x000001185fa39370 Uncommon trap: trap_request=0xffffffde fr.pc=0x000001184ee7aab4 relative=0x0000000000000114
Event: 5.279 Thread 0x000001185fa39370 Uncommon trap: reason=class_check action=maybe_recompile pc=0x000001184ee7aab4 method=jdk.internal.misc.Unsafe.allocateUninitializedArray(Ljava/lang/Class;I)Ljava/lang/Object; @ 51 c2
Event: 5.279 Thread 0x000001185fa39370 DEOPT PACKING pc=0x000001184ee7aab4 sp=0x0000000be02fa500
Event: 5.279 Thread 0x000001185fa39370 DEOPT UNPACKING pc=0x000001184e8da5a3 sp=0x0000000be02fa488 mode 2
Event: 5.279 Thread 0x000001185fa39370 Uncommon trap: trap_request=0xffffffde fr.pc=0x000001184ee7aab4 relative=0x0000000000000114
Event: 5.279 Thread 0x000001185fa39370 Uncommon trap: reason=class_check action=maybe_recompile pc=0x000001184ee7aab4 method=jdk.internal.misc.Unsafe.allocateUninitializedArray(Ljava/lang/Class;I)Ljava/lang/Object; @ 51 c2
Event: 5.279 Thread 0x000001185fa39370 DEOPT PACKING pc=0x000001184ee7aab4 sp=0x0000000be02fa4b0
Event: 5.279 Thread 0x000001185fa39370 DEOPT UNPACKING pc=0x000001184e8da5a3 sp=0x0000000be02fa438 mode 2
Event: 5.281 Thread 0x000001185fa39370 Uncommon trap: trap_request=0xffffffde fr.pc=0x000001184ee7aab4 relative=0x0000000000000114
Event: 5.281 Thread 0x000001185fa39370 Uncommon trap: reason=class_check action=maybe_recompile pc=0x000001184ee7aab4 method=jdk.internal.misc.Unsafe.allocateUninitializedArray(Ljava/lang/Class;I)Ljava/lang/Object; @ 51 c2
Event: 5.281 Thread 0x000001185fa39370 DEOPT PACKING pc=0x000001184ee7aab4 sp=0x0000000be02fd9d0
Event: 5.281 Thread 0x000001185fa39370 DEOPT UNPACKING pc=0x000001184e8da5a3 sp=0x0000000be02fd958 mode 2
Event: 5.281 Thread 0x000001185fa39370 Uncommon trap: trap_request=0xffffffde fr.pc=0x000001184ee7aab4 relative=0x0000000000000114
Event: 5.281 Thread 0x000001185fa39370 Uncommon trap: reason=class_check action=maybe_recompile pc=0x000001184ee7aab4 method=jdk.internal.misc.Unsafe.allocateUninitializedArray(Ljava/lang/Class;I)Ljava/lang/Object; @ 51 c2
Event: 5.281 Thread 0x000001185fa39370 DEOPT PACKING pc=0x000001184ee7aab4 sp=0x0000000be02fd960
Event: 5.281 Thread 0x000001185fa39370 DEOPT UNPACKING pc=0x000001184e8da5a3 sp=0x0000000be02fd8e8 mode 2

Classes loaded (20 events):
Event: 5.269 Loading class java/nio/channels/SelectionKey
Event: 5.269 Loading class java/nio/channels/SelectionKey done
Event: 5.269 Loading class java/nio/channels/spi/AbstractSelectionKey done
Event: 5.269 Loading class sun/nio/ch/SelectionKeyImpl done
Event: 5.269 Loading class java/lang/invoke/ConstantBootstraps
Event: 5.270 Loading class java/lang/invoke/ConstantBootstraps done
Event: 5.271 Loading class java/util/concurrent/CompletableFuture$UniRelay
Event: 5.271 Loading class java/util/concurrent/CompletableFuture$UniRelay done
Event: 5.280 Loading class sun/nio/ch/IOVecWrapper
Event: 5.280 Loading class sun/nio/ch/IOVecWrapper done
Event: 5.280 Loading class sun/nio/ch/AllocatedNativeObject
Event: 5.280 Loading class sun/nio/ch/NativeObject
Event: 5.281 Loading class sun/nio/ch/NativeObject done
Event: 5.281 Loading class sun/nio/ch/AllocatedNativeObject done
Event: 5.281 Loading class sun/nio/ch/IOVecWrapper$Deallocator
Event: 5.281 Loading class sun/nio/ch/IOVecWrapper$Deallocator done
Event: 5.283 Loading class java/util/NoSuchElementException
Event: 5.284 Loading class java/util/NoSuchElementException done
Event: 5.287 Loading class java/util/concurrent/CompletableFuture$UniApply
Event: 5.287 Loading class java/util/concurrent/CompletableFuture$UniApply done

Classes unloaded (0 events):
No events

Classes redefined (0 events):
No events

Internal exceptions (20 events):
Event: 3.966 Thread 0x000001183f3f1260 Exception <a 'java/lang/NoSuchMethodError'{0x00000000c7f90638}: 'long java.lang.invoke.DirectMethodHandle$Holder.invokeSpecial(java.lang.Object, java.lang.Object)'> (0x00000000c7f90638) 
thrown [s\open\src\hotspot\share\interpreter\linkResolver.cpp, line 774]
Event: 3.967 Thread 0x000001183f3f1260 Exception <a 'java/lang/NoSuchMethodError'{0x00000000c7f97658}: 'java.lang.Object java.lang.invoke.Invokers$Holder.invokeExact_MT(java.lang.Object, java.lang.Object, java.lang.Object, java.lang.Object, java.lang.Object, java.lang.Object)'> (0x00000000c7f97658) 
thrown [s\open\src\hotspot\share\interpreter\linkResolver.cpp, line 774]
Event: 4.053 Thread 0x000001183f3f1260 Exception <a 'sun/nio/fs/WindowsException'{0x00000000c7ec2cc8}> (0x00000000c7ec2cc8) 
thrown [s\open\src\hotspot\share\prims\jni.cpp, line 517]
Event: 4.246 Thread 0x000001183f3f1260 Exception <a 'java/lang/NoSuchMethodError'{0x00000000c8539cc0}: 'java.lang.Object java.lang.invoke.DirectMethodHandle$Holder.invokeStaticInit(java.lang.Object, int, int, int, int)'> (0x00000000c8539cc0) 
thrown [s\open\src\hotspot\share\interpreter\linkResolver.cpp, line 774]
Event: 4.699 Thread 0x000001183f3f1260 Exception <a 'java/lang/NoSuchMethodError'{0x00000000c85ffa58}: 'java.lang.Object java.lang.invoke.DirectMethodHandle$Holder.invokeStaticInit(java.lang.Object, java.lang.Object, int, int, int, int)'> (0x00000000c85ffa58) 
thrown [s\open\src\hotspot\share\interpreter\linkResolver.cpp, line 774]
Event: 4.845 Thread 0x000001183f3f1260 Exception <a 'java/lang/NoSuchMethodError'{0x00000000c8324bd8}: 'java.lang.Object java.lang.invoke.DirectMethodHandle$Holder.invokeInterface(java.lang.Object, java.lang.Object, java.lang.Object)'> (0x00000000c8324bd8) 
thrown [s\open\src\hotspot\share\interpreter\linkResolver.cpp, line 774]
Event: 4.848 Thread 0x000001183f3f1260 Exception <a 'java/lang/IncompatibleClassChangeError'{0x00000000c83282a8}: Found class java.lang.Object, but interface was expected> (0x00000000c83282a8) 
thrown [s\open\src\hotspot\share\interpreter\linkResolver.cpp, line 841]
Event: 4.850 Thread 0x000001183f3f1260 Exception <a 'java/lang/NoSuchMethodError'{0x00000000c8330818}: 'int java.lang.invoke.DirectMethodHandle$Holder.invokeSpecialIFC(java.lang.Object, java.lang.Object, java.lang.Object, java.lang.Object)'> (0x00000000c8330818) 
thrown [s\open\src\hotspot\share\interpreter\linkResolver.cpp, line 774]
Event: 4.853 Thread 0x000001183f3f1260 Exception <a 'java/lang/NoSuchMethodError'{0x00000000c8353320}: 'java.lang.Object java.lang.invoke.DirectMethodHandle$Holder.invokeVirtual(java.lang.Object, java.lang.Object, java.lang.Object, java.lang.Object)'> (0x00000000c8353320) 
thrown [s\open\src\hotspot\share\interpreter\linkResolver.cpp, line 774]
Event: 4.895 Thread 0x000001185ab026c0 Exception <a 'java/net/ConnectException'{0x00000000c839acc0}: Connection refused: no further information> (0x00000000c839acc0) 
thrown [s\open\src\hotspot\share\prims\jni.cpp, line 536]
Event: 4.918 Thread 0x000001185ab026c0 Exception <a 'java/net/ConnectException'{0x00000000c839bdf8}: Connection refused: no further information> (0x00000000c839bdf8) 
thrown [s\open\src\hotspot\share\prims\jni.cpp, line 536]
Event: 4.948 Thread 0x000001185ab026c0 Exception <a 'java/net/ConnectException'{0x00000000c839cd28}: Connection refused: no further information> (0x00000000c839cd28) 
thrown [s\open\src\hotspot\share\prims\jni.cpp, line 536]
Event: 4.995 Thread 0x000001185ab026c0 Exception <a 'java/net/ConnectException'{0x00000000c839dc58}: Connection refused: no further information> (0x00000000c839dc58) 
thrown [s\open\src\hotspot\share\prims\jni.cpp, line 536]
Event: 5.165 Thread 0x000001183f3f1260 Exception <a 'java/lang/NoSuchMethodError'{0x00000000c8288288}: 'java.lang.Object java.lang.invoke.DirectMethodHandle$Holder.newInvokeSpecial(java.lang.Object, java.lang.Object, int, int)'> (0x00000000c8288288) 
thrown [s\open\src\hotspot\share\interpreter\linkResolver.cpp, line 774]
Event: 5.166 Thread 0x000001183f3f1260 Exception <a 'java/lang/NoSuchMethodError'{0x00000000c8292d18}: 'void java.lang.invoke.DirectMethodHandle$Holder.invokeStatic(java.lang.Object, java.lang.Object, int)'> (0x00000000c8292d18) 
thrown [s\open\src\hotspot\share\interpreter\linkResolver.cpp, line 774]
Event: 5.179 Thread 0x000001183f3f1260 Exception <a 'java/lang/NoSuchMethodError'{0x00000000c8113260}: 'java.lang.Object java.lang.invoke.DirectMethodHandle$Holder.newInvokeSpecial(java.lang.Object, java.lang.Object, java.lang.Object, java.lang.Object, java.lang.Object)'> (0x00000000c8113260) 
thrown [s\open\src\hotspot\share\interpreter\linkResolver.cpp, line 774]
Event: 5.237 Thread 0x000001185fa39370 Exception <a 'java/lang/NoSuchMethodError'{0x00000000c8029fe8}: 'java.lang.Object java.lang.invoke.DirectMethodHandle$Holder.invokeSpecial(java.lang.Object, java.lang.Object, java.lang.Object, java.lang.Object, int)'> (0x00000000c8029fe8) 
thrown [s\open\src\hotspot\share\interpreter\linkResolver.cpp, line 774]
Event: 5.237 Thread 0x000001185fa39370 Exception <a 'java/lang/NoSuchMethodError'{0x00000000c802dbc0}: 'java.lang.Object java.lang.invoke.Invokers$Holder.linkToTargetMethod(java.lang.Object, java.lang.Object, int, java.lang.Object)'> (0x00000000c802dbc0) 
thrown [s\open\src\hotspot\share\interpreter\linkResolver.cpp, line 774]
Event: 5.248 Thread 0x000001185fa39370 Exception <a 'java/lang/NoSuchMethodError'{0x00000000c804a670}: 'void java.lang.invoke.DirectMethodHandle$Holder.invokeSpecial(java.lang.Object, java.lang.Object, java.lang.Object)'> (0x00000000c804a670) 
thrown [s\open\src\hotspot\share\interpreter\linkResolver.cpp, line 774]
Event: 5.261 Thread 0x000001185fa39370 Exception <a 'java/lang/NoSuchMethodError'{0x00000000c807ca98}: 'void java.lang.invoke.DirectMethodHandle$Holder.invokeSpecial(java.lang.Object, java.lang.Object, java.lang.Object, java.lang.Object, java.lang.Object)'> (0x00000000c807ca98) 
thrown [s\open\src\hotspot\share\interpreter\linkResolver.cpp, line 774]

VM Operations (20 events):
Event: 1.789 Executing VM operation: Cleanup
Event: 1.789 Executing VM operation: Cleanup done
Event: 3.806 Executing VM operation: Cleanup
Event: 3.806 Executing VM operation: Cleanup done
Event: 3.886 Executing VM operation: HandshakeAllThreads
Event: 3.886 Executing VM operation: HandshakeAllThreads done
Event: 3.975 Executing VM operation: HandshakeAllThreads
Event: 3.975 Executing VM operation: HandshakeAllThreads done
Event: 4.140 Executing VM operation: HandshakeAllThreads
Event: 4.140 Executing VM operation: HandshakeAllThreads done
Event: 4.181 Executing VM operation: G1CollectForAllocation
Event: 4.192 Executing VM operation: G1CollectForAllocation done
Event: 4.873 Executing VM operation: HandshakeAllThreads
Event: 4.873 Executing VM operation: HandshakeAllThreads done
Event: 5.103 Executing VM operation: HandshakeAllThreads
Event: 5.103 Executing VM operation: HandshakeAllThreads done
Event: 5.108 Executing VM operation: HandshakeAllThreads
Event: 5.108 Executing VM operation: HandshakeAllThreads done
Event: 6.112 Executing VM operation: Cleanup
Event: 6.112 Executing VM operation: Cleanup done

Events (20 events):
Event: 0.351 Thread 0x000001185aaf26a0 Thread added: 0x000001185aaf26a0
Event: 0.352 Thread 0x000001185aaf9c10 Thread added: 0x000001185aaf9c10
Event: 0.352 Thread 0x000001185ab02c10 Thread added: 0x000001185ab02c10
Event: 0.352 Thread 0x000001185ab044c0 Thread added: 0x000001185ab044c0
Event: 0.353 Thread 0x000001185ab057e0 Thread added: 0x000001185ab057e0
Event: 0.353 Thread 0x000001185ab006e0 Thread added: 0x000001185ab006e0
Event: 0.404 Thread 0x000001185ab02170 Thread added: 0x000001185ab02170
Event: 0.418 Thread 0x000001185ab016d0 Thread added: 0x000001185ab016d0
Event: 0.840 Thread 0x000001185ab01c20 Thread added: 0x000001185ab01c20
Event: 3.758 Thread 0x000001185ab01c20 Thread exited: 0x000001185ab01c20
Event: 3.889 Thread 0x000001185ab03160 Thread added: 0x000001185ab03160
Event: 4.821 Thread 0x000001185ab00c30 Thread added: 0x000001185ab00c30
Event: 4.871 Thread 0x000001185aaffc40 Thread added: 0x000001185aaffc40
Event: 4.874 Thread 0x000001185ab01180 Thread added: 0x000001185ab01180
Event: 4.875 Thread 0x000001185ab01c20 Thread added: 0x000001185ab01c20
Event: 4.882 Thread 0x000001185ab026c0 Thread added: 0x000001185ab026c0
Event: 5.107 Thread 0x000001185ab00190 Thread added: 0x000001185ab00190
Event: 5.220 Thread 0x000001185fa39370 Thread added: 0x000001185fa39370
Event: 5.275 Thread 0x000001185fa3d880 Thread added: 0x000001185fa3d880
Event: 5.276 Thread 0x000001185fa3b8a0 Thread added: 0x000001185fa3b8a0


Dynamic libraries:
0x00007ff7d2020000 - 0x00007ff7d2030000 	C:\Program Files\Java\jdk-19\bin\javaw.exe
0x00007ffa47110000 - 0x00007ffa47327000 	C:\WINDOWS\SYSTEM32\ntdll.dll
0x00007ffa13a90000 - 0x00007ffa13aaa000 	C:\Program Files\Avast Software\Avast\aswhook.dll
0x00007ffa45c00000 - 0x00007ffa45cc4000 	C:\WINDOWS\System32\KERNEL32.DLL
0x00007ffa44a90000 - 0x00007ffa44e3d000 	C:\WINDOWS\System32\KERNELBASE.dll
0x00007ffa44590000 - 0x00007ffa446a1000 	C:\WINDOWS\System32\ucrtbase.dll
0x00007ffa39b30000 - 0x00007ffa39b48000 	C:\Program Files\Java\jdk-19\bin\jli.dll
0x00007ffa46340000 - 0x00007ffa463f2000 	C:\WINDOWS\System32\ADVAPI32.dll
0x00007ffa46c70000 - 0x00007ffa46d17000 	C:\WINDOWS\System32\msvcrt.dll
0x00007ffa46200000 - 0x00007ffa462a9000 	C:\WINDOWS\System32\sechost.dll
0x00007ffa44430000 - 0x00007ffa44458000 	C:\WINDOWS\System32\bcrypt.dll
0x00007ffa45440000 - 0x00007ffa45554000 	C:\WINDOWS\System32\RPCRT4.dll
0x00007ffa46050000 - 0x00007ffa461fe000 	C:\WINDOWS\System32\USER32.dll
0x00007ffa449c0000 - 0x00007ffa449e6000 	C:\WINDOWS\System32\win32u.dll
0x00007ffa46e30000 - 0x00007ffa46e59000 	C:\WINDOWS\System32\GDI32.dll
0x00007ffa44820000 - 0x00007ffa44939000 	C:\WINDOWS\System32\gdi32full.dll
0x00007ffa449f0000 - 0x00007ffa44a8a000 	C:\WINDOWS\System32\msvcp_win.dll
0x00007ffa39570000 - 0x00007ffa3958b000 	C:\Program Files\Java\jdk-19\bin\VCRUNTIME140.dll
0x00007ffa39720000 - 0x00007ffa3972a000 	C:\WINDOWS\SYSTEM32\VERSION.dll
0x00007ffa27150000 - 0x00007ffa273e3000 	C:\WINDOWS\WinSxS\amd64_microsoft.windows.common-controls_6595b64144ccf1df_6.0.22621.3672_none_2713b9d173822955\COMCTL32.dll
0x00007ffa45560000 - 0x00007ffa45591000 	C:\WINDOWS\System32\IMM32.DLL
0x00007ffa39750000 - 0x00007ffa3975c000 	C:\Program Files\Java\jdk-19\bin\vcruntime140_1.dll
0x00007ffa0ff00000 - 0x00007ffa0ff8e000 	C:\Program Files\Java\jdk-19\bin\msvcp140.dll
0x00007ff9f0cd0000 - 0x00007ff9f1990000 	C:\Program Files\Java\jdk-19\bin\server\jvm.dll
0x00007ffa367d0000 - 0x00007ffa367d9000 	C:\WINDOWS\SYSTEM32\WSOCK32.dll
0x00007ffa462b0000 - 0x00007ffa46321000 	C:\WINDOWS\System32\WS2_32.dll
0x00007ffa3aaf0000 - 0x00007ffa3ab24000 	C:\WINDOWS\SYSTEM32\WINMM.dll
0x00007ffa43460000 - 0x00007ffa43478000 	C:\WINDOWS\SYSTEM32\kernel.appcore.dll
0x00007ffa39040000 - 0x00007ffa3904a000 	C:\Program Files\Java\jdk-19\bin\jimage.dll
0x00007ffa41d80000 - 0x00007ffa41fb2000 	C:\WINDOWS\SYSTEM32\DBGHELP.DLL
0x00007ffa44e40000 - 0x00007ffa451cd000 	C:\WINDOWS\System32\combase.dll
0x00007ffa46ee0000 - 0x00007ffa46fb7000 	C:\WINDOWS\System32\OLEAUT32.dll
0x00007ffa39b70000 - 0x00007ffa39ba2000 	C:\WINDOWS\SYSTEM32\dbgcore.DLL
0x00007ffa44940000 - 0x00007ffa449bb000 	C:\WINDOWS\System32\bcryptPrimitives.dll
0x00007ffa31770000 - 0x00007ffa31796000 	C:\Program Files\Java\jdk-19\bin\java.dll
0x00007ff9f49b0000 - 0x00007ff9f4a87000 	C:\Program Files\Java\jdk-19\bin\jsvml.dll
0x00007ffa46400000 - 0x00007ffa46c68000 	C:\WINDOWS\System32\SHELL32.dll
0x00007ffa42380000 - 0x00007ffa42c7e000 	C:\WINDOWS\SYSTEM32\windows.storage.dll
0x00007ffa42240000 - 0x00007ffa4237f000 	C:\WINDOWS\SYSTEM32\wintypes.dll
0x00007ffa455a0000 - 0x00007ffa45699000 	C:\WINDOWS\System32\SHCORE.dll
0x00007ffa46fc0000 - 0x00007ffa4701e000 	C:\WINDOWS\System32\shlwapi.dll
0x00007ffa44360000 - 0x00007ffa44381000 	C:\WINDOWS\SYSTEM32\profapi.dll
0x00007ffa32d90000 - 0x00007ffa32da3000 	C:\Program Files\Java\jdk-19\bin\net.dll
0x00007ffa3b5a0000 - 0x00007ffa3b6d6000 	C:\WINDOWS\SYSTEM32\WINHTTP.dll
0x00007ffa438d0000 - 0x00007ffa43939000 	C:\WINDOWS\system32\mswsock.dll
0x00007ffa31350000 - 0x00007ffa31366000 	C:\Program Files\Java\jdk-19\bin\nio.dll
0x00007ffa25d80000 - 0x00007ffa25d98000 	C:\Program Files\Java\jdk-19\bin\zip.dll
0x00007ffa38f10000 - 0x00007ffa38f18000 	C:\Program Files\Java\jdk-19\bin\extnet.dll
0x00007ffa42f50000 - 0x00007ffa43048000 	C:\WINDOWS\SYSTEM32\DNSAPI.dll
0x00007ffa42ee0000 - 0x00007ffa42f0d000 	C:\WINDOWS\SYSTEM32\IPHLPAPI.DLL
0x00007ffa46e20000 - 0x00007ffa46e29000 	C:\WINDOWS\System32\NSI.dll
0x00007ffa39ec0000 - 0x00007ffa39eca000 	C:\Windows\System32\rasadhlp.dll
0x00007ffa3a4f0000 - 0x00007ffa3a573000 	C:\WINDOWS\System32\fwpuclnt.dll
0x00007ffa39d30000 - 0x00007ffa39d3e000 	C:\Program Files\Java\jdk-19\bin\sunmscapi.dll
0x00007ffa446b0000 - 0x00007ffa44817000 	C:\WINDOWS\System32\CRYPT32.dll
0x00007ffa43cf0000 - 0x00007ffa43d1e000 	C:\WINDOWS\SYSTEM32\ncrypt.dll
0x00007ffa43cb0000 - 0x00007ffa43ce7000 	C:\WINDOWS\SYSTEM32\NTASN1.dll
0x00007ffa43b30000 - 0x00007ffa43b4b000 	C:\WINDOWS\SYSTEM32\CRYPTSP.dll
0x00007ffa433c0000 - 0x00007ffa433f5000 	C:\WINDOWS\system32\rsaenh.dll
0x00007ffa439d0000 - 0x00007ffa439f8000 	C:\WINDOWS\SYSTEM32\USERENV.dll
0x00007ffa43b50000 - 0x00007ffa43b5c000 	C:\WINDOWS\SYSTEM32\CRYPTBASE.dll
0x00007ffa3b710000 - 0x00007ffa3b729000 	C:\WINDOWS\SYSTEM32\dhcpcsvc6.DLL
0x00007ffa3b580000 - 0x00007ffa3b59f000 	C:\WINDOWS\SYSTEM32\dhcpcsvc.DLL
0x00007ffa39cd0000 - 0x00007ffa39cd8000 	C:\WINDOWS\system32\wshunix.dll

dbghelp: loaded successfully - version: 4.0.5 - missing functions: none
symbol engine: initialized successfully - sym options: 0x614 - pdb path: .;C:\Program Files\Java\jdk-19\bin;C:\WINDOWS\SYSTEM32;C:\Program Files\Avast Software\Avast;C:\WINDOWS\WinSxS\amd64_microsoft.windows.common-controls_6595b64144ccf1df_6.0.22621.3672_none_2713b9d173822955;C:\Program Files\Java\jdk-19\bin\server

VM Arguments:
jvm_args: -Dfile.encoding=UTF-8 -Dstdout.encoding=UTF-8 -Dstderr.encoding=UTF-8 -XX:+ShowCodeDetailsInExceptionMessages 
java_command: selenium_class1.auto_suggestion
java_class_path (initial): C:\Users\vamshi krishna\OneDrive\Desktop\java prgms\selenium_basics\bin;D:\Downloads\selenium-server-4.23.1.jar
Launcher Type: SUN_STANDARD

[Global flags]
     intx CICompilerCount                          = 3                                         {product} {ergonomic}
     uint ConcGCThreads                            = 1                                         {product} {ergonomic}
     uint G1ConcRefinementThreads                  = 4                                         {product} {ergonomic}
   size_t G1HeapRegionSize                         = 1048576                                   {product} {ergonomic}
    uintx GCDrainStackTargetSize                   = 64                                        {product} {ergonomic}
   size_t InitialHeapSize                          = 62914560                                  {product} {ergonomic}
   size_t MarkStackSize                            = 4194304                                   {product} {ergonomic}
   size_t MaxHeapSize                              = 994050048                                 {product} {ergonomic}
   size_t MaxNewSize                               = 595591168                                 {product} {ergonomic}
   size_t MinHeapDeltaBytes                        = 1048576                                   {product} {ergonomic}
   size_t MinHeapSize                              = 8388608                                   {product} {ergonomic}
    uintx NonNMethodCodeHeapSize                   = 5832780                                {pd product} {ergonomic}
    uintx NonProfiledCodeHeapSize                  = 122912730                              {pd product} {ergonomic}
    uintx ProfiledCodeHeapSize                     = 122912730                              {pd product} {ergonomic}
    uintx ReservedCodeCacheSize                    = 251658240                              {pd product} {ergonomic}
     bool SegmentedCodeCache                       = true                                      {product} {ergonomic}
     bool ShowCodeDetailsInExceptionMessages       = true                                   {manageable} {command line}
   size_t SoftMaxHeapSize                          = 994050048                              {manageable} {ergonomic}
     bool UseCompressedClassPointers               = true                           {product lp64_product} {ergonomic}
     bool UseCompressedOops                        = true                           {product lp64_product} {ergonomic}
     bool UseG1GC                                  = true                                      {product} {ergonomic}
     bool UseLargePagesIndividualAllocation        = false                                  {pd product} {ergonomic}

Logging:
Log output configuration:
 #0: stdout all=warning uptime,level,tags foldmultilines=false
 #1: stderr all=off uptime,level,tags foldmultilines=false

Environment Variables:
JAVA_HOME=C:\Program Files\Java\jdk-19
PATH=C:\Program Files\Common Files\Oracle\Java\javapath;C:\WINDOWS\system32;C:\WINDOWS;C:\WINDOWS\System32\Wbem;C:\WINDOWS\System32\WindowsPowerShell\v1.0\;C:\WINDOWS\System32\OpenSSH\;D:\MSSQL\Install\temp1\Client SDK\ODBC\110\Tools\Binn\;C:\Program Files (x86)\Microsoft SQL Server\120\Tools\Binn\;D:\MSSQL\Install\temp1\120\Tools\Binn\;D:\MSSQL\Install\temp1\120\DTS\Binn\;C:\Program Files (x86)\Microsoft SQL Server\120\Tools\Binn\ManagementStudio\;C:\Program Files (x86)\Microsoft SQL Server\120\DTS\Binn\;C:\Program Files\Java\jdk-19\bin;C:\Program Files\Git\cmd;C:\Users\vamshi krishna\AppData\Local\Microsoft\WindowsApps;
USERNAME=vamshi krishna
OS=Windows_NT
PROCESSOR_IDENTIFIER=Intel64 Family 6 Model 126 Stepping 5, GenuineIntel
TMP=C:\Users\VAMSHI~1\AppData\Local\Temp
TEMP=C:\Users\VAMSHI~1\AppData\Local\Temp



---------------  S Y S T E M  ---------------

OS:
 Windows 11 , 64 bit Build 22621 (10.0.22621.3958)
OS uptime: 4 days 18:40 hours

CPU: total 4 (initial active 4) (2 cores per cpu, 2 threads per core) family 6 model 126 stepping 5 microcode 0xa0, cx8, cmov, fxsr, ht, mmx, 3dnowpref, sse, sse2, sse3, ssse3, sse4.1, sse4.2, popcnt, lzcnt, tsc, tscinvbit, avx, avx2, aes, erms, clmul, bmi1, bmi2, adx, avx512f, avx512dq, avx512cd, avx512bw, avx512vl, sha, fma, vzeroupper, avx512_vpopcntdq, avx512_vpclmulqdq, avx512_vaes, avx512_vnni, clflush, clflushopt, avx512_vbmi2, avx512_vbmi, rdtscp, rdpid, fsrm, gfni, avx512_bitalg

Memory: 4k page, system-wide physical 3787M (129M free)
TotalPageFile size 15563M (AvailPageFile size 0M)
current process WorkingSet (physical memory assigned to process): 74M, peak: 79M
current process commit charge ("private bytes"): 148M, peak: 152M

vm_info: Java HotSpot(TM) 64-Bit Server VM (19+36-2238) for windows-amd64 JRE (19+36-2238), built on 2022-08-12T20:29:01Z by "mach5one" with MS VC++ 17.1 (VS2022)

END.
