#
# There is insufficient memory for the Java Runtime Environment to continue.
# Native memory allocation (malloc) failed to allocate 32744 bytes for Chunk::new
# Possible reasons:
#   The system is out of physical RAM or swap space
#   The process is running with CompressedOops enabled, and the Java Heap may be blocking the growth of the native heap
# Possible solutions:
#   Reduce memory load on the system
#   Increase physical memory or swap space
#   Check if swap backing store is full
#   Decrease Java heap size (-Xmx/-Xms)
#   Decrease number of Java threads
#   Decrease Java thread stack sizes (-Xss)
#   Set larger code cache with -XX:ReservedCodeCacheSize=
#   JVM is running with Unscaled Compressed Oops mode in which the Java heap is
#     placed in the first 4GB address space. The Java Heap base address is the
#     maximum limit for the native heap growth. Please use -XX:HeapBaseMinAddress
#     to set the Java Heap base and to place the Java Heap above 4GB virtual address.
# This output file may be truncated or incomplete.
#
#  Out of Memory Error (arena.cpp:184), pid=28796, tid=26224
#
# JRE version: Java(TM) SE Runtime Environment (19.0+36) (build 19+36-2238)
# Java VM: Java HotSpot(TM) 64-Bit Server VM (19+36-2238, mixed mode, sharing, tiered, compressed oops, compressed class ptrs, g1 gc, windows-amd64)
# No core dump will be written. Minidumps are not enabled by default on client versions of Windows
#

---------------  S U M M A R Y ------------

Command Line: -Dfile.encoding=UTF-8 -Dstdout.encoding=UTF-8 -Dstderr.encoding=UTF-8 -XX:+ShowCodeDetailsInExceptionMessages selenium_class1.facebook_xpath

Host: Intel(R) Core(TM) i3-1005G1 CPU @ 1.20GHz, 4 cores, 3G,  Windows 11 , 64 bit Build 22621 (10.0.22621.3958)
Time: Mon Aug 19 03:08:25 2024 India Standard Time elapsed time: 9.607362 seconds (0d 0h 0m 9s)

---------------  T H R E A D  ---------------

Current thread (0x0000028cd80c98e0):  JavaThread "C1 CompilerThread0" daemon [_thread_in_native, id=26224, stack(0x000000f1b7900000,0x000000f1b7a00000)]


Current CompileTask:
C1:   9607 1689       3       java.lang.Module::allows (60 bytes)

Stack: [0x000000f1b7900000,0x000000f1b7a00000]
Native frames: (J=compiled Java code, j=interpreted, Vv=VM code, C=native code)
V  [jvm.dll+0x6ee8fa]
V  [jvm.dll+0x857a1e]
V  [jvm.dll+0x85940e]
V  [jvm.dll+0x859ac3]
V  [jvm.dll+0x28291f]
V  [jvm.dll+0xc9b5f]
V  [jvm.dll+0xc9ee5]
V  [jvm.dll+0x1635b2]
V  [jvm.dll+0x18e9c7]
V  [jvm.dll+0x18adfe]
V  [jvm.dll+0x178ab0]
V  [jvm.dll+0x1616b7]
V  [jvm.dll+0x161022]
V  [jvm.dll+0x161278]
V  [jvm.dll+0x1606d6]
V  [jvm.dll+0x1623cd]
V  [jvm.dll+0x25b0fa]
V  [jvm.dll+0x259588]
V  [jvm.dll+0x807928]
V  [jvm.dll+0x8015fa]
V  [jvm.dll+0x6ed5eb]
C  [ucrtbase.dll+0x29333]
C  [KERNEL32.DLL+0x1257d]
C  [ntdll.dll+0x5af28]


---------------  P R O C E S S  ---------------

Threads class SMR info:
_java_thread_list=0x0000028cdc4cbaa0, length=26, elements={
0x0000028cd80af5a0, 0x0000028cd80b1f50, 0x0000028cd80b4c70, 0x0000028cd80b62b0,
0x0000028cd80b7a90, 0x0000028cd80bb9d0, 0x0000028cd80c0340, 0x0000028cd80c98e0,
0x0000028cd80e6250, 0x0000028cdc48b330, 0x0000028cdc48da30, 0x0000028cdc714930,
0x0000028cdcc501e0, 0x0000028cdccf0800, 0x0000028cdccf0d40, 0x0000028cdccf1280,
0x0000028cdccf1d10, 0x0000028cdd1456d0, 0x0000028cdd1446e0, 0x0000028cdd1476b0,
0x0000028cdd144c30, 0x0000028cdd1466c0, 0x0000028cdd145c20, 0x0000028cdd145180,
0x0000028cdd146170, 0x0000028cdd147160
}

Java Threads: ( => current thread )
  0x0000028cd80af5a0 JavaThread "Reference Handler" daemon [_thread_blocked, id=26312, stack(0x000000f1b7200000,0x000000f1b7300000)]
  0x0000028cd80b1f50 JavaThread "Finalizer" daemon [_thread_blocked, id=30080, stack(0x000000f1b7300000,0x000000f1b7400000)]
  0x0000028cd80b4c70 JavaThread "Signal Dispatcher" daemon [_thread_blocked, id=24676, stack(0x000000f1b7400000,0x000000f1b7500000)]
  0x0000028cd80b62b0 JavaThread "Attach Listener" daemon [_thread_blocked, id=29744, stack(0x000000f1b7500000,0x000000f1b7600000)]
  0x0000028cd80b7a90 JavaThread "Service Thread" daemon [_thread_blocked, id=26848, stack(0x000000f1b7600000,0x000000f1b7700000)]
  0x0000028cd80bb9d0 JavaThread "Monitor Deflation Thread" daemon [_thread_blocked, id=25972, stack(0x000000f1b7700000,0x000000f1b7800000)]
  0x0000028cd80c0340 JavaThread "C2 CompilerThread0" daemon [_thread_in_native, id=28420, stack(0x000000f1b7800000,0x000000f1b7900000)]
=>0x0000028cd80c98e0 JavaThread "C1 CompilerThread0" daemon [_thread_in_native, id=26224, stack(0x000000f1b7900000,0x000000f1b7a00000)]
  0x0000028cd80e6250 JavaThread "Sweeper thread" daemon [_thread_blocked, id=29368, stack(0x000000f1b7a00000,0x000000f1b7b00000)]
  0x0000028cdc48b330 JavaThread "Notification Thread" daemon [_thread_blocked, id=29300, stack(0x000000f1b7b00000,0x000000f1b7c00000)]
  0x0000028cdc48da30 JavaThread "Common-Cleaner" daemon [_thread_blocked, id=27276, stack(0x000000f1b7d00000,0x000000f1b7e00000)]
  0x0000028cdc714930 JavaThread "ForkJoinPool.commonPool-worker-1" daemon [_thread_blocked, id=27924, stack(0x000000f1b7e00000,0x000000f1b7f00000)]
  0x0000028cdcc501e0 JavaThread "HttpClient-1-SelectorManager" daemon [_thread_in_native, id=30168, stack(0x000000f1b8200000,0x000000f1b8300000)]
  0x0000028cdccf0800 JavaThread "External Process Output Forwarder - C:\Users\vamshi krishna\.cache\selenium\chromedriver\win64\127.0.6533.119\chromedriver.exe" daemon [_thread_in_native, id=6808, stack(0x000000f1b8300000,0x000000f1b8400000)]
  0x0000028cdccf0d40 JavaThread "Driver Service Executor" daemon [_thread_blocked, id=30104, stack(0x000000f1b8400000,0x000000f1b8500000)]
  0x0000028cdccf1280 JavaThread "Driver Service Executor" daemon [_thread_in_native, id=28024, stack(0x000000f1b8500000,0x000000f1b8600000)]
  0x0000028cdccf1d10 JavaThread "UrlChecker-2" daemon [_thread_blocked, id=27192, stack(0x000000f1b8600000,0x000000f1b8700000)]
  0x0000028cdd1456d0 JavaThread "JdkHttpClient-0-0" daemon [_thread_blocked, id=25084, stack(0x000000f1b8900000,0x000000f1b8a00000)]
  0x0000028cdd1446e0 JavaThread "JdkHttpClient-0-1" daemon [_thread_blocked, id=24980, stack(0x000000f1b8a00000,0x000000f1b8b00000)]
  0x0000028cdd1476b0 JavaThread "JdkHttpClient-0-2" daemon [_thread_blocked, id=25016, stack(0x000000f1b8b00000,0x000000f1b8c00000)]
  0x0000028cdd144c30 JavaThread "HttpClient-2-SelectorManager" daemon [_thread_in_native, id=30352, stack(0x000000f1b8c00000,0x000000f1b8d00000)]
  0x0000028cdd1466c0 JavaThread "JdkHttpClient-1-0" daemon [_thread_blocked, id=27428, stack(0x000000f1b8d00000,0x000000f1b8e00000)]
  0x0000028cdd145c20 JavaThread "JdkHttpClient-1-1" daemon [_thread_blocked, id=30176, stack(0x000000f1b8e00000,0x000000f1b8f00000)]
  0x0000028cdd145180 JavaThread "JdkHttpClient-1-2" daemon [_thread_blocked, id=27848, stack(0x000000f1b8f00000,0x000000f1b9000000)]
  0x0000028cdd146170 JavaThread "DestroyJavaVM" [_thread_blocked, id=27936, stack(0x000000f1b6b00000,0x000000f1b6c00000)]
  0x0000028cdd147160 Thread "Unknown thread" [stack: 0x000000f1b8800000,0x000000f1b8900000] [id=30208]

Other Threads:
  0x0000028cd8097e50 VMThread "VM Thread" [stack: 0x000000f1b7100000,0x000000f1b7200000] [id=20164]
  0x0000028cd816ece0 WatcherThread "VM Periodic Task Thread" [stack: 0x000000f1b7c00000,0x000000f1b7d00000] [id=21500]
  0x0000028cbab13580 WorkerThread "GC Thread#0" [stack: 0x000000f1b6c00000,0x000000f1b6d00000] [id=10156]
  0x0000028cdcb46dc0 WorkerThread "GC Thread#1" [stack: 0x000000f1b7f00000,0x000000f1b8000000] [id=27032]
  0x0000028cdcb47db0 WorkerThread "GC Thread#2" [stack: 0x000000f1b8000000,0x000000f1b8100000] [id=26056]
  0x0000028cdcb7a270 WorkerThread "GC Thread#3" [stack: 0x000000f1b8100000,0x000000f1b8200000] [id=8404]
  0x0000028cbab1c570 ConcurrentGCThread "G1 Main Marker" [stack: 0x000000f1b6d00000,0x000000f1b6e00000] [id=3080]
  0x0000028cbab1e150 WorkerThread "G1 Conc#0" [stack: 0x000000f1b6e00000,0x000000f1b6f00000] [id=6276]
  0x0000028cbab6f300 ConcurrentGCThread "G1 Refine#0" [stack: 0x000000f1b6f00000,0x000000f1b7000000] [id=29748]
  0x0000028cbab71a60 ConcurrentGCThread "G1 Service" [stack: 0x000000f1b7000000,0x000000f1b7100000] [id=30016]

Threads with active compile tasks:
C2 CompilerThread0     9647 1683       4       java.lang.invoke.MethodType::makeImpl (109 bytes)
C1 CompilerThread0     9647 1689       3       java.lang.Module::allows (60 bytes)

VM state: not at safepoint (normal execution)

VM Mutex/Monitor currently owned by a thread: None

OutOfMemory and StackOverflow Exception counts:
OutOfMemoryError java_heap_errors=1
LinkageErrors=41

Heap address: 0x00000000c4c00000, size: 948 MB, Compressed Oops mode: 32-bit

CDS archive(s) mapped at: [0x0000000800000000-0x0000000800c40000-0x0000000800c40000), size 12845056, SharedBaseAddress: 0x0000000800000000, ArchiveRelocationMode: 0.
Compressed class space mapped at: 0x0000000801000000-0x0000000841000000, reserved size: 1073741824
Narrow klass base: 0x0000000800000000, Narrow klass shift: 0, Narrow klass range: 0x100000000

GC Precious Log:
 CardTable entry size: 512
 Card Set container configuration: InlinePtr #cards 5 size 8 Array Of Cards #cards 12 size 40 Howl #buckets 4 coarsen threshold 1843 Howl Bitmap #cards 512 size 80 coarsen threshold 460 Card regions per heap region 1 cards per card region 2048
 CPUs: 4 total, 4 available
 Memory: 3787M
 Large Page Support: Disabled
 NUMA Support: Disabled
 Compressed Oops: Enabled (32-bit)
 Heap Region Size: 1M
 Heap Min Capacity: 8M
 Heap Initial Capacity: 60M
 Heap Max Capacity: 948M
 Pre-touch: Disabled
 Parallel Workers: 4
 Concurrent Workers: 1
 Concurrent Refinement Workers: 4
 Periodic GC: Disabled

Heap:
 garbage-first heap   total 61440K, used 19190K [0x00000000c4c00000, 0x0000000100000000)
  region size 1024K, 16 young (16384K), 2 survivors (2048K)
 Metaspace       used 11909K, committed 12224K, reserved 1114112K
  class space    used 1402K, committed 1536K, reserved 1048576K

Heap Regions: E=young(eden), S=young(survivor), O=old, HS=humongous(starts), HC=humongous(continues), CS=collection set, F=free, OA=open archive, CA=closed archive, TAMS=top-at-mark-start (previous, next)
|   0|0x00000000c4c00000, 0x00000000c4d00000, 0x00000000c4d00000|100%|HS|  |TAMS 0x00000000c4c00000, 0x00000000c4c00000| Complete 
|   1|0x00000000c4d00000, 0x00000000c4e00000, 0x00000000c4e00000|100%|HC|  |TAMS 0x00000000c4d00000, 0x00000000c4d00000| Complete 
|   2|0x00000000c4e00000, 0x00000000c4f00000, 0x00000000c4f00000|100%|HC|  |TAMS 0x00000000c4e00000, 0x00000000c4e00000| Complete 
|   3|0x00000000c4f00000, 0x00000000c5000000, 0x00000000c5000000|100%| O|  |TAMS 0x00000000c4f00000, 0x00000000c4f00000| Untracked 
|   4|0x00000000c5000000, 0x00000000c50bd800, 0x00000000c5100000| 74%| O|  |TAMS 0x00000000c5000000, 0x00000000c5000000| Untracked 
|   5|0x00000000c5100000, 0x00000000c5100000, 0x00000000c5200000|  0%| F|  |TAMS 0x00000000c5100000, 0x00000000c5100000| Untracked 
|   6|0x00000000c5200000, 0x00000000c5200000, 0x00000000c5300000|  0%| F|  |TAMS 0x00000000c5200000, 0x00000000c5200000| Untracked 
|   7|0x00000000c5300000, 0x00000000c5300000, 0x00000000c5400000|  0%| F|  |TAMS 0x00000000c5300000, 0x00000000c5300000| Untracked 
|   8|0x00000000c5400000, 0x00000000c5400000, 0x00000000c5500000|  0%| F|  |TAMS 0x00000000c5400000, 0x00000000c5400000| Untracked 
|   9|0x00000000c5500000, 0x00000000c5500000, 0x00000000c5600000|  0%| F|  |TAMS 0x00000000c5500000, 0x00000000c5500000| Untracked 
|  10|0x00000000c5600000, 0x00000000c5600000, 0x00000000c5700000|  0%| F|  |TAMS 0x00000000c5600000, 0x00000000c5600000| Untracked 
|  11|0x00000000c5700000, 0x00000000c5700000, 0x00000000c5800000|  0%| F|  |TAMS 0x00000000c5700000, 0x00000000c5700000| Untracked 
|  12|0x00000000c5800000, 0x00000000c5800000, 0x00000000c5900000|  0%| F|  |TAMS 0x00000000c5800000, 0x00000000c5800000| Untracked 
|  13|0x00000000c5900000, 0x00000000c5900000, 0x00000000c5a00000|  0%| F|  |TAMS 0x00000000c5900000, 0x00000000c5900000| Untracked 
|  14|0x00000000c5a00000, 0x00000000c5a00000, 0x00000000c5b00000|  0%| F|  |TAMS 0x00000000c5a00000, 0x00000000c5a00000| Untracked 
|  15|0x00000000c5b00000, 0x00000000c5b00000, 0x00000000c5c00000|  0%| F|  |TAMS 0x00000000c5b00000, 0x00000000c5b00000| Untracked 
|  16|0x00000000c5c00000, 0x00000000c5c00000, 0x00000000c5d00000|  0%| F|  |TAMS 0x00000000c5c00000, 0x00000000c5c00000| Untracked 
|  17|0x00000000c5d00000, 0x00000000c5d00000, 0x00000000c5e00000|  0%| F|  |TAMS 0x00000000c5d00000, 0x00000000c5d00000| Untracked 
|  18|0x00000000c5e00000, 0x00000000c5e00000, 0x00000000c5f00000|  0%| F|  |TAMS 0x00000000c5e00000, 0x00000000c5e00000| Untracked 
|  19|0x00000000c5f00000, 0x00000000c5f00000, 0x00000000c6000000|  0%| F|  |TAMS 0x00000000c5f00000, 0x00000000c5f00000| Untracked 
|  20|0x00000000c6000000, 0x00000000c6000000, 0x00000000c6100000|  0%| F|  |TAMS 0x00000000c6000000, 0x00000000c6000000| Untracked 
|  21|0x00000000c6100000, 0x00000000c6100000, 0x00000000c6200000|  0%| F|  |TAMS 0x00000000c6100000, 0x00000000c6100000| Untracked 
|  22|0x00000000c6200000, 0x00000000c6200000, 0x00000000c6300000|  0%| F|  |TAMS 0x00000000c6200000, 0x00000000c6200000| Untracked 
|  23|0x00000000c6300000, 0x00000000c6300000, 0x00000000c6400000|  0%| F|  |TAMS 0x00000000c6300000, 0x00000000c6300000| Untracked 
|  24|0x00000000c6400000, 0x00000000c6400000, 0x00000000c6500000|  0%| F|  |TAMS 0x00000000c6400000, 0x00000000c6400000| Untracked 
|  25|0x00000000c6500000, 0x00000000c6500000, 0x00000000c6600000|  0%| F|  |TAMS 0x00000000c6500000, 0x00000000c6500000| Untracked 
|  26|0x00000000c6600000, 0x00000000c6600000, 0x00000000c6700000|  0%| F|  |TAMS 0x00000000c6600000, 0x00000000c6600000| Untracked 
|  27|0x00000000c6700000, 0x00000000c6700000, 0x00000000c6800000|  0%| F|  |TAMS 0x00000000c6700000, 0x00000000c6700000| Untracked 
|  28|0x00000000c6800000, 0x00000000c6800000, 0x00000000c6900000|  0%| F|  |TAMS 0x00000000c6800000, 0x00000000c6800000| Untracked 
|  29|0x00000000c6900000, 0x00000000c6900000, 0x00000000c6a00000|  0%| F|  |TAMS 0x00000000c6900000, 0x00000000c6900000| Untracked 
|  30|0x00000000c6a00000, 0x00000000c6a00000, 0x00000000c6b00000|  0%| F|  |TAMS 0x00000000c6a00000, 0x00000000c6a00000| Untracked 
|  31|0x00000000c6b00000, 0x00000000c6b00000, 0x00000000c6c00000|  0%| F|  |TAMS 0x00000000c6b00000, 0x00000000c6b00000| Untracked 
|  32|0x00000000c6c00000, 0x00000000c6c00000, 0x00000000c6d00000|  0%| F|  |TAMS 0x00000000c6c00000, 0x00000000c6c00000| Untracked 
|  33|0x00000000c6d00000, 0x00000000c6d00000, 0x00000000c6e00000|  0%| F|  |TAMS 0x00000000c6d00000, 0x00000000c6d00000| Untracked 
|  34|0x00000000c6e00000, 0x00000000c6e00000, 0x00000000c6f00000|  0%| F|  |TAMS 0x00000000c6e00000, 0x00000000c6e00000| Untracked 
|  35|0x00000000c6f00000, 0x00000000c6f00000, 0x00000000c7000000|  0%| F|  |TAMS 0x00000000c6f00000, 0x00000000c6f00000| Untracked 
|  36|0x00000000c7000000, 0x00000000c7000000, 0x00000000c7100000|  0%| F|  |TAMS 0x00000000c7000000, 0x00000000c7000000| Untracked 
|  37|0x00000000c7100000, 0x00000000c7100000, 0x00000000c7200000|  0%| F|  |TAMS 0x00000000c7100000, 0x00000000c7100000| Untracked 
|  38|0x00000000c7200000, 0x00000000c7200000, 0x00000000c7300000|  0%| F|  |TAMS 0x00000000c7200000, 0x00000000c7200000| Untracked 
|  39|0x00000000c7300000, 0x00000000c7300000, 0x00000000c7400000|  0%| F|  |TAMS 0x00000000c7300000, 0x00000000c7300000| Untracked 
|  40|0x00000000c7400000, 0x00000000c7400000, 0x00000000c7500000|  0%| F|  |TAMS 0x00000000c7400000, 0x00000000c7400000| Untracked 
|  41|0x00000000c7500000, 0x00000000c7500000, 0x00000000c7600000|  0%| F|  |TAMS 0x00000000c7500000, 0x00000000c7500000| Untracked 
|  42|0x00000000c7600000, 0x00000000c7600000, 0x00000000c7700000|  0%| F|  |TAMS 0x00000000c7600000, 0x00000000c7600000| Untracked 
|  43|0x00000000c7700000, 0x00000000c7700000, 0x00000000c7800000|  0%| F|  |TAMS 0x00000000c7700000, 0x00000000c7700000| Untracked 
|  44|0x00000000c7800000, 0x00000000c785cb68, 0x00000000c7900000| 36%| E|  |TAMS 0x00000000c7800000, 0x00000000c7800000| Complete 
|  45|0x00000000c7900000, 0x00000000c7a00000, 0x00000000c7a00000|100%| S|CS|TAMS 0x00000000c7900000, 0x00000000c7900000| Complete 
|  46|0x00000000c7a00000, 0x00000000c7b00000, 0x00000000c7b00000|100%| S|CS|TAMS 0x00000000c7a00000, 0x00000000c7a00000| Complete 
|  47|0x00000000c7b00000, 0x00000000c7c00000, 0x00000000c7c00000|100%| E|CS|TAMS 0x00000000c7b00000, 0x00000000c7b00000| Complete 
|  48|0x00000000c7c00000, 0x00000000c7d00000, 0x00000000c7d00000|100%| E|CS|TAMS 0x00000000c7c00000, 0x00000000c7c00000| Complete 
|  49|0x00000000c7d00000, 0x00000000c7e00000, 0x00000000c7e00000|100%| E|CS|TAMS 0x00000000c7d00000, 0x00000000c7d00000| Complete 
|  50|0x00000000c7e00000, 0x00000000c7f00000, 0x00000000c7f00000|100%| E|CS|TAMS 0x00000000c7e00000, 0x00000000c7e00000| Complete 
|  51|0x00000000c7f00000, 0x00000000c8000000, 0x00000000c8000000|100%| E|CS|TAMS 0x00000000c7f00000, 0x00000000c7f00000| Complete 
|  52|0x00000000c8000000, 0x00000000c8100000, 0x00000000c8100000|100%| E|CS|TAMS 0x00000000c8000000, 0x00000000c8000000| Complete 
|  53|0x00000000c8100000, 0x00000000c8200000, 0x00000000c8200000|100%| E|CS|TAMS 0x00000000c8100000, 0x00000000c8100000| Complete 
|  54|0x00000000c8200000, 0x00000000c8300000, 0x00000000c8300000|100%| E|CS|TAMS 0x00000000c8200000, 0x00000000c8200000| Complete 
|  55|0x00000000c8300000, 0x00000000c8400000, 0x00000000c8400000|100%| E|  |TAMS 0x00000000c8300000, 0x00000000c8300000| Complete 
|  56|0x00000000c8400000, 0x00000000c8500000, 0x00000000c8500000|100%| E|CS|TAMS 0x00000000c8400000, 0x00000000c8400000| Complete 
|  57|0x00000000c8500000, 0x00000000c8600000, 0x00000000c8600000|100%| E|CS|TAMS 0x00000000c8500000, 0x00000000c8500000| Complete 
|  58|0x00000000c8600000, 0x00000000c8700000, 0x00000000c8700000|100%| E|CS|TAMS 0x00000000c8600000, 0x00000000c8600000| Complete 
|  59|0x00000000c8700000, 0x00000000c8800000, 0x00000000c8800000|100%| E|CS|TAMS 0x00000000c8700000, 0x00000000c8700000| Complete 

Card table byte_map: [0x0000028cd39d0000,0x0000028cd3bb0000] _byte_map_base: 0x0000028cd33aa000

Marking Bits (Prev, Next): (CMBitMap*) 0x0000028cbab13bb0, (CMBitMap*) 0x0000028cbab13bf0
 Prev Bits: [0x0000028cd3d90000, 0x0000028cd4c60000)
 Next Bits: [0x0000028cd4c60000, 0x0000028cd5b30000)

Polling page: 0x0000028cba940000

Metaspace:

Usage:
  Non-class:     10.26 MB used.
      Class:      1.37 MB used.
       Both:     11.63 MB used.

Virtual space:
  Non-class space:       64.00 MB reserved,      10.44 MB ( 16%) committed,  1 nodes.
      Class space:        1.00 GB reserved,       1.50 MB ( <1%) committed,  1 nodes.
             Both:        1.06 GB reserved,      11.94 MB (  1%) committed. 

Chunk freelists:
   Non-Class:  1.46 MB
       Class:  2.41 MB
        Both:  3.87 MB

MaxMetaspaceSize: unlimited
CompressedClassSpaceSize: 1.00 GB
Initial GC threshold: 21.00 MB
Current GC threshold: 21.00 MB
CDS: on
MetaspaceReclaimPolicy: balanced
 - commit_granule_bytes: 65536.
 - commit_granule_words: 8192.
 - virtual_space_node_default_size: 8388608.
 - enlarge_chunks_in_place: 1.
 - new_chunks_are_fully_committed: 0.
 - uncommit_free_chunks: 1.
 - use_allocation_guard: 0.


Internal statistics:

num_allocs_failed_limit: 0.
num_arena_births: 274.
num_arena_deaths: 0.
num_vsnodes_births: 2.
num_vsnodes_deaths: 0.
num_space_committed: 191.
num_space_uncommitted: 0.
num_chunks_returned_to_freelist: 0.
num_chunks_taken_from_freelist: 526.
num_chunk_merges: 0.
num_chunk_splits: 317.
num_chunks_enlarged: 208.
num_inconsistent_stats: 0.

CodeHeap 'non-profiled nmethods': size=120000Kb used=508Kb max_used=508Kb free=119491Kb
 bounds [0x0000028ccbca0000, 0x0000028ccbf10000, 0x0000028cd31d0000]
CodeHeap 'profiled nmethods': size=120000Kb used=3167Kb max_used=3167Kb free=116832Kb
 bounds [0x0000028cc41d0000, 0x0000028cc44f0000, 0x0000028ccb700000]
CodeHeap 'non-nmethods': size=5760Kb used=1321Kb max_used=1334Kb free=4438Kb
 bounds [0x0000028ccb700000, 0x0000028ccb970000, 0x0000028ccbca0000]
 total_blobs=2220 nmethods=1690 adapters=440
 compilation: enabled
              stopped_count=0, restarted_count=0
 full_count=0

Compilation events (20 events):
Event: 9.566 Thread 0x0000028cd80c98e0 1678       3       java.util.concurrent.atomic.AtomicInteger::compareAndSet (13 bytes)
Event: 9.567 Thread 0x0000028cd80c98e0 nmethod 1678 0x0000028cc44e3090 code [0x0000028cc44e3220, 0x0000028cc44e3358]
Event: 9.588 Thread 0x0000028cd80c98e0 1679       3       java.lang.Math::abs (13 bytes)
Event: 9.589 Thread 0x0000028cd80c98e0 nmethod 1679 0x0000028cc44e3410 code [0x0000028cc44e35c0, 0x0000028cc44e3738]
Event: 9.589 Thread 0x0000028cd80c98e0 1680       3       java.util.concurrent.CompletableFuture::tryPushStack (23 bytes)
Event: 9.590 Thread 0x0000028cd80c98e0 nmethod 1680 0x0000028cc44e3810 code [0x0000028cc44e3b80, 0x0000028cc44e5148]
Event: 9.590 Thread 0x0000028cd80c98e0 1681       3       java.util.Collection::stream (11 bytes)
Event: 9.590 Thread 0x0000028cd80c98e0 nmethod 1681 0x0000028cc44e5810 code [0x0000028cc44e59c0, 0x0000028cc44e5bb8]
Event: 9.590 Thread 0x0000028cd80c98e0 1682       3       org.openqa.selenium.json.JsonInput::readString (106 bytes)
Event: 9.591 Thread 0x0000028cd80c98e0 nmethod 1682 0x0000028cc44e5c90 code [0x0000028cc44e5f60, 0x0000028cc44e6bd8]
Event: 9.592 Thread 0x0000028cd80c0340 1683       4       java.lang.invoke.MethodType::makeImpl (109 bytes)
Event: 9.601 Thread 0x0000028cd80c98e0 1685       3       java.lang.AbstractStringBuilder::append (67 bytes)
Event: 9.602 Thread 0x0000028cd80c98e0 nmethod 1685 0x0000028cc44e7110 code [0x0000028cc44e7320, 0x0000028cc44e79c8]
Event: 9.602 Thread 0x0000028cd80c98e0 1686       3       java.lang.StringBuilder::append (10 bytes)
Event: 9.602 Thread 0x0000028cd80c98e0 nmethod 1686 0x0000028cc44e7b90 code [0x0000028cc44e7d40, 0x0000028cc44e7e88]
Event: 9.603 Thread 0x0000028cd80c98e0 1687       1       java.util.TreeMap$Entry::getKey (5 bytes)
Event: 9.603 Thread 0x0000028cd80c98e0 nmethod 1687 0x0000028ccbd1e190 code [0x0000028ccbd1e320, 0x0000028ccbd1e3d8]
Event: 9.603 Thread 0x0000028cd80c98e0 1688       1       java.lang.invoke.MethodHandleImpl$AsVarargsCollector::getTarget (5 bytes)
Event: 9.603 Thread 0x0000028cd80c98e0 nmethod 1688 0x0000028ccbd1e490 code [0x0000028ccbd1e620, 0x0000028ccbd1e6d8]
Event: 9.603 Thread 0x0000028cd80c98e0 1689       3       java.lang.Module::allows (60 bytes)

GC Heap History (2 events):
Event: 2.437 GC heap before
{Heap before GC invocations=0 (full 0):
 garbage-first heap   total 61440K, used 15360K [0x00000000c4c00000, 0x0000000100000000)
  region size 1024K, 13 young (13312K), 0 survivors (0K)
 Metaspace       used 6320K, committed 6592K, reserved 1114112K
  class space    used 700K, committed 832K, reserved 1048576K
}
Event: 2.443 GC heap after
{Heap after GC invocations=1 (full 0):
 garbage-first heap   total 61440K, used 6902K [0x00000000c4c00000, 0x0000000100000000)
  region size 1024K, 2 young (2048K), 2 survivors (2048K)
 Metaspace       used 6320K, committed 6592K, reserved 1114112K
  class space    used 700K, committed 832K, reserved 1048576K
}

Dll operation events (8 events):
Event: 0.031 Loaded shared library C:\Program Files\Java\jdk-19\bin\java.dll
Event: 0.077 Loaded shared library C:\Program Files\Java\jdk-19\bin\jsvml.dll
Event: 0.282 Loaded shared library C:\Program Files\Java\jdk-19\bin\net.dll
Event: 0.288 Loaded shared library C:\Program Files\Java\jdk-19\bin\nio.dll
Event: 0.327 Loaded shared library C:\Program Files\Java\jdk-19\bin\zip.dll
Event: 0.418 Loaded shared library C:\Program Files\Java\jdk-19\bin\jimage.dll
Event: 0.464 Loaded shared library C:\Program Files\Java\jdk-19\bin\extnet.dll
Event: 2.691 Loaded shared library C:\Program Files\Java\jdk-19\bin\sunmscapi.dll

Deoptimization events (20 events):
Event: 2.968 Thread 0x0000028cdd1456d0 Uncommon trap: trap_request=0xffffffde fr.pc=0x0000028ccbd0a334 relative=0x0000000000000114
Event: 2.968 Thread 0x0000028cdd1456d0 Uncommon trap: reason=class_check action=maybe_recompile pc=0x0000028ccbd0a334 method=jdk.internal.misc.Unsafe.allocateUninitializedArray(Ljava/lang/Class;I)Ljava/lang/Object; @ 51 c2
Event: 2.968 Thread 0x0000028cdd1456d0 DEOPT PACKING pc=0x0000028ccbd0a334 sp=0x000000f1b89fe110
Event: 2.968 Thread 0x0000028cdd1456d0 DEOPT UNPACKING pc=0x0000028ccb76a5a3 sp=0x000000f1b89fe098 mode 2
Event: 2.968 Thread 0x0000028cdd1456d0 Uncommon trap: trap_request=0xffffffde fr.pc=0x0000028ccbd0a334 relative=0x0000000000000114
Event: 2.968 Thread 0x0000028cdd1456d0 Uncommon trap: reason=class_check action=maybe_recompile pc=0x0000028ccbd0a334 method=jdk.internal.misc.Unsafe.allocateUninitializedArray(Ljava/lang/Class;I)Ljava/lang/Object; @ 51 c2
Event: 2.968 Thread 0x0000028cdd1456d0 DEOPT PACKING pc=0x0000028ccbd0a334 sp=0x000000f1b89fdf00
Event: 2.968 Thread 0x0000028cdd1456d0 DEOPT UNPACKING pc=0x0000028ccb76a5a3 sp=0x000000f1b89fde88 mode 2
Event: 5.655 Thread 0x0000028cbaad2500 Uncommon trap: trap_request=0xffffffde fr.pc=0x0000028ccbce55a0 relative=0x0000000000000660
Event: 5.656 Thread 0x0000028cbaad2500 Uncommon trap: reason=class_check action=maybe_recompile pc=0x0000028ccbce55a0 method=java.util.HashMap.putVal(ILjava/lang/Object;Ljava/lang/Object;ZZ)Ljava/lang/Object; @ 253 c2
Event: 5.656 Thread 0x0000028cbaad2500 DEOPT PACKING pc=0x0000028ccbce55a0 sp=0x000000f1b6bfe620
Event: 5.656 Thread 0x0000028cbaad2500 DEOPT UNPACKING pc=0x0000028ccb76a5a3 sp=0x000000f1b6bfe5c0 mode 2
Event: 6.308 Thread 0x0000028cbaad2500 Uncommon trap: trap_request=0xffffff45 fr.pc=0x0000028ccbcde3e8 relative=0x0000000000000048
Event: 6.308 Thread 0x0000028cbaad2500 Uncommon trap: reason=unstable_if action=reinterpret pc=0x0000028ccbcde3e8 method=java.lang.CharacterData.of(I)Ljava/lang/CharacterData; @ 4 c2
Event: 6.308 Thread 0x0000028cbaad2500 DEOPT PACKING pc=0x0000028ccbcde3e8 sp=0x000000f1b6bfe1a0
Event: 6.308 Thread 0x0000028cbaad2500 DEOPT UNPACKING pc=0x0000028ccb76a5a3 sp=0x000000f1b6bfe140 mode 2
Event: 9.357 Thread 0x0000028cbaad2500 Uncommon trap: trap_request=0xfffffff4 fr.pc=0x0000028ccbd0da6c relative=0x000000000000024c
Event: 9.357 Thread 0x0000028cbaad2500 Uncommon trap: reason=null_check action=make_not_entrant pc=0x0000028ccbd0da6c method=java.util.ArrayList.add(Ljava/lang/Object;[Ljava/lang/Object;I)V @ 14 c2
Event: 9.357 Thread 0x0000028cbaad2500 DEOPT PACKING pc=0x0000028ccbd0da6c sp=0x000000f1b6bff020
Event: 9.357 Thread 0x0000028cbaad2500 DEOPT UNPACKING pc=0x0000028ccb76a5a3 sp=0x000000f1b6bfef68 mode 2

Classes loaded (20 events):
Event: 6.313 Loading class sun/util/logging/resources/logging_en
Event: 6.313 Loading class sun/util/logging/resources/logging_en done
Event: 6.316 Loading class sun/util/logging/resources/logging_en_IN
Event: 6.316 Loading class sun/util/logging/resources/logging_en_IN done
Event: 6.316 Loading class sun/util/logging/resources/logging_en_IN
Event: 6.316 Loading class sun/util/logging/resources/logging_en_IN done
Event: 6.317 Loading class java/util/Formatter$DateTime
Event: 6.320 Loading class java/util/Formatter$DateTime done
Event: 6.322 Loading class java/time/ZonedDateTime$1
Event: 6.322 Loading class java/time/ZonedDateTime$1 done
Event: 9.359 Loading class java/net/URLEncoder
Event: 9.359 Loading class java/net/URLEncoder done
Event: 9.359 Loading class java/util/BitSet
Event: 9.360 Loading class java/util/BitSet done
Event: 9.360 Loading class java/io/CharArrayWriter
Event: 9.360 Loading class java/io/CharArrayWriter done
Event: 9.594 Loading class java/util/TreeMap$EntrySpliterator
Event: 9.594 Loading class java/util/TreeMap$EntrySpliterator done
Event: 9.595 Loading class java/util/stream/SortedOps$SizedRefSortingSink
Event: 9.597 Loading class java/util/stream/SortedOps$SizedRefSortingSink done

Classes unloaded (0 events):
No events

Classes redefined (0 events):
No events

Internal exceptions (20 events):
Event: 2.343 Thread 0x0000028cbaad2500 Exception <a 'sun/nio/fs/WindowsException'{0x00000000c7ec7440}> (0x00000000c7ec7440) 
thrown [s\open\src\hotspot\share\prims\jni.cpp, line 517]
Event: 2.466 Thread 0x0000028cbaad2500 Exception <a 'java/lang/NoSuchMethodError'{0x00000000c853d098}: 'java.lang.Object java.lang.invoke.DirectMethodHandle$Holder.invokeStaticInit(java.lang.Object, int, int, int, int)'> (0x00000000c853d098) 
thrown [s\open\src\hotspot\share\interpreter\linkResolver.cpp, line 774]
Event: 2.652 Thread 0x0000028cbaad2500 Exception <a 'java/lang/NoSuchMethodError'{0x00000000c8403608}: 'java.lang.Object java.lang.invoke.DirectMethodHandle$Holder.invokeStaticInit(java.lang.Object, java.lang.Object, int, int, int, int)'> (0x00000000c8403608) 
thrown [s\open\src\hotspot\share\interpreter\linkResolver.cpp, line 774]
Event: 2.762 Thread 0x0000028cbaad2500 Exception <a 'java/lang/NoSuchMethodError'{0x00000000c83314e8}: 'java.lang.Object java.lang.invoke.DirectMethodHandle$Holder.invokeInterface(java.lang.Object, java.lang.Object, java.lang.Object)'> (0x00000000c83314e8) 
thrown [s\open\src\hotspot\share\interpreter\linkResolver.cpp, line 774]
Event: 2.762 Thread 0x0000028cbaad2500 Exception <a 'java/lang/IncompatibleClassChangeError'{0x00000000c8334bb8}: Found class java.lang.Object, but interface was expected> (0x00000000c8334bb8) 
thrown [s\open\src\hotspot\share\interpreter\linkResolver.cpp, line 841]
Event: 2.765 Thread 0x0000028cbaad2500 Exception <a 'java/lang/NoSuchMethodError'{0x00000000c833d388}: 'int java.lang.invoke.DirectMethodHandle$Holder.invokeSpecialIFC(java.lang.Object, java.lang.Object, java.lang.Object, java.lang.Object)'> (0x00000000c833d388) 
thrown [s\open\src\hotspot\share\interpreter\linkResolver.cpp, line 774]
Event: 2.768 Thread 0x0000028cbaad2500 Exception <a 'java/lang/NoSuchMethodError'{0x00000000c835fc40}: 'java.lang.Object java.lang.invoke.DirectMethodHandle$Holder.invokeVirtual(java.lang.Object, java.lang.Object, java.lang.Object, java.lang.Object)'> (0x00000000c835fc40) 
thrown [s\open\src\hotspot\share\interpreter\linkResolver.cpp, line 774]
Event: 2.807 Thread 0x0000028cdccf1d10 Exception <a 'java/net/ConnectException'{0x00000000c83dd938}: Connection refused: no further information> (0x00000000c83dd938) 
thrown [s\open\src\hotspot\share\prims\jni.cpp, line 536]
Event: 2.826 Thread 0x0000028cdccf1d10 Exception <a 'java/net/ConnectException'{0x00000000c83dea70}: Connection refused: no further information> (0x00000000c83dea70) 
thrown [s\open\src\hotspot\share\prims\jni.cpp, line 536]
Event: 2.891 Thread 0x0000028cbaad2500 Exception <a 'java/lang/NoSuchMethodError'{0x00000000c82951e8}: 'java.lang.Object java.lang.invoke.DirectMethodHandle$Holder.newInvokeSpecial(java.lang.Object, java.lang.Object, int, int)'> (0x00000000c82951e8) 
thrown [s\open\src\hotspot\share\interpreter\linkResolver.cpp, line 774]
Event: 2.892 Thread 0x0000028cbaad2500 Exception <a 'java/lang/NoSuchMethodError'{0x00000000c829fc78}: 'void java.lang.invoke.DirectMethodHandle$Holder.invokeStatic(java.lang.Object, java.lang.Object, int)'> (0x00000000c829fc78) 
thrown [s\open\src\hotspot\share\interpreter\linkResolver.cpp, line 774]
Event: 2.904 Thread 0x0000028cbaad2500 Exception <a 'java/lang/NoSuchMethodError'{0x00000000c8120368}: 'java.lang.Object java.lang.invoke.DirectMethodHandle$Holder.newInvokeSpecial(java.lang.Object, java.lang.Object, java.lang.Object, java.lang.Object, java.lang.Object)'> (0x00000000c8120368) 
thrown [s\open\src\hotspot\share\interpreter\linkResolver.cpp, line 774]
Event: 2.939 Thread 0x0000028cdd1456d0 Exception <a 'java/lang/NoSuchMethodError'{0x00000000c8029978}: 'java.lang.Object java.lang.invoke.DirectMethodHandle$Holder.invokeSpecial(java.lang.Object, java.lang.Object, java.lang.Object, java.lang.Object, int)'> (0x00000000c8029978) 
thrown [s\open\src\hotspot\share\interpreter\linkResolver.cpp, line 774]
Event: 2.939 Thread 0x0000028cdd1456d0 Exception <a 'java/lang/NoSuchMethodError'{0x00000000c802d550}: 'java.lang.Object java.lang.invoke.Invokers$Holder.linkToTargetMethod(java.lang.Object, java.lang.Object, int, java.lang.Object)'> (0x00000000c802d550) 
thrown [s\open\src\hotspot\share\interpreter\linkResolver.cpp, line 774]
Event: 2.945 Thread 0x0000028cdd1456d0 Exception <a 'java/lang/NoSuchMethodError'{0x00000000c804a0d0}: 'void java.lang.invoke.DirectMethodHandle$Holder.invokeSpecial(java.lang.Object, java.lang.Object, java.lang.Object)'> (0x00000000c804a0d0) 
thrown [s\open\src\hotspot\share\interpreter\linkResolver.cpp, line 774]
Event: 2.954 Thread 0x0000028cdd1456d0 Exception <a 'java/lang/NoSuchMethodError'{0x00000000c807c290}: 'void java.lang.invoke.DirectMethodHandle$Holder.invokeSpecial(java.lang.Object, java.lang.Object, java.lang.Object, java.lang.Object, java.lang.Object)'> (0x00000000c807c290) 
thrown [s\open\src\hotspot\share\interpreter\linkResolver.cpp, line 774]
Event: 5.505 Thread 0x0000028cdd1456d0 Exception <a 'java/lang/NoSuchMethodError'{0x00000000c7f63c90}: 'void java.lang.invoke.DirectMethodHandle$Holder.invokeSpecial(java.lang.Object, java.lang.Object, java.lang.Object, java.lang.Object, java.lang.Object, java.lang.Object, java.lang.Object)'> (0x00000000c7f63c90) 
thrown [s\open\src\hotspot\share\interpreter\linkResolver.cpp, line 774]
Event: 5.628 Thread 0x0000028cbaad2500 Exception <a 'java/lang/NoSuchMethodError'{0x00000000c7fb1730}: 'java.lang.Object java.lang.invoke.DirectMethodHandle$Holder.invokeSpecialIFC(java.lang.Object, java.lang.Object, java.lang.Object)'> (0x00000000c7fb1730) 
thrown [s\open\src\hotspot\share\interpreter\linkResolver.cpp, line 774]
Event: 6.313 Thread 0x0000028cbaad2500 Exception <a 'java/lang/ClassNotFoundException'{0x00000000c7c9bd20}: sun/util/logging/resources/spi/loggingProvider> (0x00000000c7c9bd20) 
thrown [s\open\src\hotspot\share\classfile\systemDictionary.cpp, line 255]
Event: 9.357 Thread 0x0000028cbaad2500 Implicit null exception at 0x0000028ccbd0d89e to 0x0000028ccbd0da5c

VM Operations (20 events):
Event: 2.437 Executing VM operation: G1CollectForAllocation
Event: 2.443 Executing VM operation: G1CollectForAllocation done
Event: 2.785 Executing VM operation: HandshakeAllThreads
Event: 2.785 Executing VM operation: HandshakeAllThreads done
Event: 2.864 Executing VM operation: HandshakeAllThreads
Event: 2.864 Executing VM operation: HandshakeAllThreads done
Event: 2.866 Executing VM operation: HandshakeAllThreads
Event: 2.866 Executing VM operation: HandshakeAllThreads done
Event: 3.867 Executing VM operation: Cleanup
Event: 3.868 Executing VM operation: Cleanup done
Event: 5.468 Executing VM operation: HandshakeAllThreads
Event: 5.468 Executing VM operation: HandshakeAllThreads done
Event: 5.472 Executing VM operation: HandshakeAllThreads
Event: 5.472 Executing VM operation: HandshakeAllThreads done
Event: 6.306 Executing VM operation: HandshakeAllThreads
Event: 6.306 Executing VM operation: HandshakeAllThreads done
Event: 6.306 Executing VM operation: Cleanup
Event: 6.306 Executing VM operation: Cleanup done
Event: 7.306 Executing VM operation: Cleanup
Event: 7.307 Executing VM operation: Cleanup done

Events (20 events):
Event: 0.137 Thread 0x0000028cd80e6250 Thread added: 0x0000028cd80e6250
Event: 0.195 Thread 0x0000028cdc48b330 Thread added: 0x0000028cdc48b330
Event: 0.230 Thread 0x0000028cdc48da30 Thread added: 0x0000028cdc48da30
Event: 0.699 Thread 0x0000028cdc6f6a10 Thread added: 0x0000028cdc6f6a10
Event: 2.144 Thread 0x0000028cdc6f6a10 Thread exited: 0x0000028cdc6f6a10
Event: 2.227 Thread 0x0000028cdc714930 Thread added: 0x0000028cdc714930
Event: 2.740 Thread 0x0000028cdcc501e0 Thread added: 0x0000028cdcc501e0
Event: 2.783 Thread 0x0000028cdccf0800 Thread added: 0x0000028cdccf0800
Event: 2.785 Thread 0x0000028cdccf0d40 Thread added: 0x0000028cdccf0d40
Event: 2.786 Thread 0x0000028cdccf1280 Thread added: 0x0000028cdccf1280
Event: 2.791 Thread 0x0000028cdccf1d10 Thread added: 0x0000028cdccf1d10
Event: 2.865 Thread 0x0000028cdcd92320 Thread added: 0x0000028cdcd92320
Event: 2.929 Thread 0x0000028cdd1456d0 Thread added: 0x0000028cdd1456d0
Event: 2.965 Thread 0x0000028cdd1446e0 Thread added: 0x0000028cdd1446e0
Event: 2.965 Thread 0x0000028cdd1476b0 Thread added: 0x0000028cdd1476b0
Event: 5.894 Thread 0x0000028cdd144c30 Thread added: 0x0000028cdd144c30
Event: 5.896 Thread 0x0000028cdd1466c0 Thread added: 0x0000028cdd1466c0
Event: 5.905 Thread 0x0000028cdd145c20 Thread added: 0x0000028cdd145c20
Event: 5.905 Thread 0x0000028cdd145180 Thread added: 0x0000028cdd145180
Event: 7.868 Thread 0x0000028cdcd92320 Thread exited: 0x0000028cdcd92320


Dynamic libraries:
0x00007ff7d2020000 - 0x00007ff7d2030000 	C:\Program Files\Java\jdk-19\bin\javaw.exe
0x00007ffa47110000 - 0x00007ffa47327000 	C:\WINDOWS\SYSTEM32\ntdll.dll
0x00007ffa13a90000 - 0x00007ffa13aaa000 	C:\Program Files\Avast Software\Avast\aswhook.dll
0x00007ffa45c00000 - 0x00007ffa45cc4000 	C:\WINDOWS\System32\KERNEL32.DLL
0x00007ffa44a90000 - 0x00007ffa44e3d000 	C:\WINDOWS\System32\KERNELBASE.dll
0x00007ffa44590000 - 0x00007ffa446a1000 	C:\WINDOWS\System32\ucrtbase.dll
0x00007ffa39570000 - 0x00007ffa3958b000 	C:\Program Files\Java\jdk-19\bin\VCRUNTIME140.dll
0x00007ffa39b30000 - 0x00007ffa39b48000 	C:\Program Files\Java\jdk-19\bin\jli.dll
0x00007ffa46340000 - 0x00007ffa463f2000 	C:\WINDOWS\System32\ADVAPI32.dll
0x00007ffa46c70000 - 0x00007ffa46d17000 	C:\WINDOWS\System32\msvcrt.dll
0x00007ffa46200000 - 0x00007ffa462a9000 	C:\WINDOWS\System32\sechost.dll
0x00007ffa44430000 - 0x00007ffa44458000 	C:\WINDOWS\System32\bcrypt.dll
0x00007ffa45440000 - 0x00007ffa45554000 	C:\WINDOWS\System32\RPCRT4.dll
0x00007ffa46050000 - 0x00007ffa461fe000 	C:\WINDOWS\System32\USER32.dll
0x00007ffa449c0000 - 0x00007ffa449e6000 	C:\WINDOWS\System32\win32u.dll
0x00007ffa46e30000 - 0x00007ffa46e59000 	C:\WINDOWS\System32\GDI32.dll
0x00007ffa44820000 - 0x00007ffa44939000 	C:\WINDOWS\System32\gdi32full.dll
0x00007ffa449f0000 - 0x00007ffa44a8a000 	C:\WINDOWS\System32\msvcp_win.dll
0x00007ffa27150000 - 0x00007ffa273e3000 	C:\WINDOWS\WinSxS\amd64_microsoft.windows.common-controls_6595b64144ccf1df_6.0.22621.3672_none_2713b9d173822955\COMCTL32.dll
0x00007ffa39720000 - 0x00007ffa3972a000 	C:\WINDOWS\SYSTEM32\VERSION.dll
0x00007ffa45560000 - 0x00007ffa45591000 	C:\WINDOWS\System32\IMM32.DLL
0x00007ffa39750000 - 0x00007ffa3975c000 	C:\Program Files\Java\jdk-19\bin\vcruntime140_1.dll
0x00007ffa0ff00000 - 0x00007ffa0ff8e000 	C:\Program Files\Java\jdk-19\bin\msvcp140.dll
0x00007ff9f0cd0000 - 0x00007ff9f1990000 	C:\Program Files\Java\jdk-19\bin\server\jvm.dll
0x00007ffa3aaf0000 - 0x00007ffa3ab24000 	C:\WINDOWS\SYSTEM32\WINMM.dll
0x00007ffa367d0000 - 0x00007ffa367d9000 	C:\WINDOWS\SYSTEM32\WSOCK32.dll
0x00007ffa462b0000 - 0x00007ffa46321000 	C:\WINDOWS\System32\ws2_32.DLL
0x00007ffa43460000 - 0x00007ffa43478000 	C:\WINDOWS\SYSTEM32\kernel.appcore.dll
0x00007ffa39040000 - 0x00007ffa3904a000 	C:\Program Files\Java\jdk-19\bin\jimage.dll
0x00007ffa41d80000 - 0x00007ffa41fb2000 	C:\WINDOWS\SYSTEM32\DBGHELP.DLL
0x00007ffa44e40000 - 0x00007ffa451cd000 	C:\WINDOWS\System32\combase.dll
0x00007ffa46ee0000 - 0x00007ffa46fb7000 	C:\WINDOWS\System32\OLEAUT32.dll
0x00007ffa39b70000 - 0x00007ffa39ba2000 	C:\WINDOWS\SYSTEM32\dbgcore.DLL
0x00007ffa44940000 - 0x00007ffa449bb000 	C:\WINDOWS\System32\bcryptPrimitives.dll
0x00007ffa31770000 - 0x00007ffa31796000 	C:\Program Files\Java\jdk-19\bin\java.dll
0x00007ff9f49b0000 - 0x00007ff9f4a87000 	C:\Program Files\Java\jdk-19\bin\jsvml.dll
0x00007ffa46400000 - 0x00007ffa46c68000 	C:\WINDOWS\System32\SHELL32.dll
0x00007ffa42380000 - 0x00007ffa42c7e000 	C:\WINDOWS\SYSTEM32\windows.storage.dll
0x00007ffa42240000 - 0x00007ffa4237f000 	C:\WINDOWS\SYSTEM32\wintypes.dll
0x00007ffa455a0000 - 0x00007ffa45699000 	C:\WINDOWS\System32\SHCORE.dll
0x00007ffa46fc0000 - 0x00007ffa4701e000 	C:\WINDOWS\System32\shlwapi.dll
0x00007ffa44360000 - 0x00007ffa44381000 	C:\WINDOWS\SYSTEM32\profapi.dll
0x00007ffa32d90000 - 0x00007ffa32da3000 	C:\Program Files\Java\jdk-19\bin\net.dll
0x00007ffa3b5a0000 - 0x00007ffa3b6d6000 	C:\WINDOWS\SYSTEM32\WINHTTP.dll
0x00007ffa438d0000 - 0x00007ffa43939000 	C:\WINDOWS\system32\mswsock.dll
0x00007ffa31350000 - 0x00007ffa31366000 	C:\Program Files\Java\jdk-19\bin\nio.dll
0x00007ffa25d80000 - 0x00007ffa25d98000 	C:\Program Files\Java\jdk-19\bin\zip.dll
0x00007ffa38f10000 - 0x00007ffa38f18000 	C:\Program Files\Java\jdk-19\bin\extnet.dll
0x00007ffa42f50000 - 0x00007ffa43048000 	C:\WINDOWS\SYSTEM32\DNSAPI.dll
0x00007ffa42ee0000 - 0x00007ffa42f0d000 	C:\WINDOWS\SYSTEM32\IPHLPAPI.DLL
0x00007ffa46e20000 - 0x00007ffa46e29000 	C:\WINDOWS\System32\NSI.dll
0x00007ffa39ec0000 - 0x00007ffa39eca000 	C:\Windows\System32\rasadhlp.dll
0x00007ffa3a4f0000 - 0x00007ffa3a573000 	C:\WINDOWS\System32\fwpuclnt.dll
0x00007ffa43b30000 - 0x00007ffa43b4b000 	C:\WINDOWS\SYSTEM32\CRYPTSP.dll
0x00007ffa433c0000 - 0x00007ffa433f5000 	C:\WINDOWS\system32\rsaenh.dll
0x00007ffa439d0000 - 0x00007ffa439f8000 	C:\WINDOWS\SYSTEM32\USERENV.dll
0x00007ffa43b50000 - 0x00007ffa43b5c000 	C:\WINDOWS\SYSTEM32\CRYPTBASE.dll
0x00007ffa3b710000 - 0x00007ffa3b729000 	C:\WINDOWS\SYSTEM32\dhcpcsvc6.DLL
0x00007ffa3b580000 - 0x00007ffa3b59f000 	C:\WINDOWS\SYSTEM32\dhcpcsvc.DLL
0x00007ffa39d30000 - 0x00007ffa39d3e000 	C:\Program Files\Java\jdk-19\bin\sunmscapi.dll
0x00007ffa446b0000 - 0x00007ffa44817000 	C:\WINDOWS\System32\CRYPT32.dll
0x00007ffa43cf0000 - 0x00007ffa43d1e000 	C:\WINDOWS\SYSTEM32\ncrypt.dll
0x00007ffa43cb0000 - 0x00007ffa43ce7000 	C:\WINDOWS\SYSTEM32\NTASN1.dll
0x00007ffa38f90000 - 0x00007ffa38f98000 	C:\WINDOWS\system32\wshunix.dll

dbghelp: loaded successfully - version: 4.0.5 - missing functions: none
symbol engine: initialized successfully - sym options: 0x614 - pdb path: .;C:\Program Files\Java\jdk-19\bin;C:\WINDOWS\SYSTEM32;C:\Program Files\Avast Software\Avast;C:\WINDOWS\WinSxS\amd64_microsoft.windows.common-controls_6595b64144ccf1df_6.0.22621.3672_none_2713b9d173822955;C:\Program Files\Java\jdk-19\bin\server

VM Arguments:
jvm_args: -Dfile.encoding=UTF-8 -Dstdout.encoding=UTF-8 -Dstderr.encoding=UTF-8 -XX:+ShowCodeDetailsInExceptionMessages 
java_command: selenium_class1.facebook_xpath
java_class_path (initial): C:\Users\vamshi krishna\OneDrive\Desktop\java prgms\selenium_basics\bin;D:\Downloads\selenium-server-4.23.1.jar
Launcher Type: SUN_STANDARD

[Global flags]
     intx CICompilerCount                          = 3                                         {product} {ergonomic}
     uint ConcGCThreads                            = 1                                         {product} {ergonomic}
     uint G1ConcRefinementThreads                  = 4                                         {product} {ergonomic}
   size_t G1HeapRegionSize                         = 1048576                                   {product} {ergonomic}
    uintx GCDrainStackTargetSize                   = 64                                        {product} {ergonomic}
   size_t InitialHeapSize                          = 62914560                                  {product} {ergonomic}
   size_t MarkStackSize                            = 4194304                                   {product} {ergonomic}
   size_t MaxHeapSize                              = 994050048                                 {product} {ergonomic}
   size_t MaxNewSize                               = 595591168                                 {product} {ergonomic}
   size_t MinHeapDeltaBytes                        = 1048576                                   {product} {ergonomic}
   size_t MinHeapSize                              = 8388608                                   {product} {ergonomic}
    uintx NonNMethodCodeHeapSize                   = 5832780                                {pd product} {ergonomic}
    uintx NonProfiledCodeHeapSize                  = 122912730                              {pd product} {ergonomic}
    uintx ProfiledCodeHeapSize                     = 122912730                              {pd product} {ergonomic}
    uintx ReservedCodeCacheSize                    = 251658240                              {pd product} {ergonomic}
     bool SegmentedCodeCache                       = true                                      {product} {ergonomic}
     bool ShowCodeDetailsInExceptionMessages       = true                                   {manageable} {command line}
   size_t SoftMaxHeapSize                          = 994050048                              {manageable} {ergonomic}
     bool UseCompressedClassPointers               = true                           {product lp64_product} {ergonomic}
     bool UseCompressedOops                        = true                           {product lp64_product} {ergonomic}
     bool UseG1GC                                  = true                                      {product} {ergonomic}
     bool UseLargePagesIndividualAllocation        = false                                  {pd product} {ergonomic}

Logging:
Log output configuration:
 #0: stdout all=warning uptime,level,tags foldmultilines=false
 #1: stderr all=off uptime,level,tags foldmultilines=false

Environment Variables:
JAVA_HOME=C:\Program Files\Java\jdk-19
PATH=C:\Program Files\Common Files\Oracle\Java\javapath;C:\WINDOWS\system32;C:\WINDOWS;C:\WINDOWS\System32\Wbem;C:\WINDOWS\System32\WindowsPowerShell\v1.0\;C:\WINDOWS\System32\OpenSSH\;D:\MSSQL\Install\temp1\Client SDK\ODBC\110\Tools\Binn\;C:\Program Files (x86)\Microsoft SQL Server\120\Tools\Binn\;D:\MSSQL\Install\temp1\120\Tools\Binn\;D:\MSSQL\Install\temp1\120\DTS\Binn\;C:\Program Files (x86)\Microsoft SQL Server\120\Tools\Binn\ManagementStudio\;C:\Program Files (x86)\Microsoft SQL Server\120\DTS\Binn\;C:\Program Files\Java\jdk-19\bin;C:\Program Files\Git\cmd;C:\Users\vamshi krishna\AppData\Local\Microsoft\WindowsApps;
USERNAME=vamshi krishna
OS=Windows_NT
PROCESSOR_IDENTIFIER=Intel64 Family 6 Model 126 Stepping 5, GenuineIntel
TMP=C:\Users\VAMSHI~1\AppData\Local\Temp
TEMP=C:\Users\VAMSHI~1\AppData\Local\Temp



---------------  S Y S T E M  ---------------

OS:
 Windows 11 , 64 bit Build 22621 (10.0.22621.3958)
OS uptime: 4 days 17:38 hours

CPU: total 4 (initial active 4) (2 cores per cpu, 2 threads per core) family 6 model 126 stepping 5 microcode 0xa0, cx8, cmov, fxsr, ht, mmx, 3dnowpref, sse, sse2, sse3, ssse3, sse4.1, sse4.2, popcnt, lzcnt, tsc, tscinvbit, avx, avx2, aes, erms, clmul, bmi1, bmi2, adx, avx512f, avx512dq, avx512cd, avx512bw, avx512vl, sha, fma, vzeroupper, avx512_vpopcntdq, avx512_vpclmulqdq, avx512_vaes, avx512_vnni, clflush, clflushopt, avx512_vbmi2, avx512_vbmi, rdtscp, rdpid, fsrm, gfni, avx512_bitalg

Memory: 4k page, system-wide physical 3787M (66M free)
TotalPageFile size 15563M (AvailPageFile size 1M)
current process WorkingSet (physical memory assigned to process): 84M, peak: 84M
current process commit charge ("private bytes"): 156M, peak: 156M

vm_info: Java HotSpot(TM) 64-Bit Server VM (19+36-2238) for windows-amd64 JRE (19+36-2238), built on 2022-08-12T20:29:01Z by "mach5one" with MS VC++ 17.1 (VS2022)

END.
